[logs/iOS_a2a6f180af7e6b36828ed95b3fc1de2c10e11e44/2022-01-10 INFO ] 2022-01-10 09:30:03.488 ParentClass:306 - log path: logs/iOS_a2a6f180af7e6b36828ed95b3fc1de2c10e11e44/2022-01-10
[logs/iOS_a2a6f180af7e6b36828ed95b3fc1de2c10e11e44/2022-01-10 INFO ] 2022-01-10 09:30:03.500 ParentClass:261 - Setting iOS driver capabilities
[logs/iOS_a2a6f180af7e6b36828ed95b3fc1de2c10e11e44/2022-01-10 INFO ] 2022-01-10 09:30:08.911 ParentClass:276 - iOS Driver is set to the Thread Local context ios
[logs/iOS_a2a6f180af7e6b36828ed95b3fc1de2c10e11e44/2022-01-10 INFO ] 2022-01-10 09:30:08.912 ParentClass:277 - iOS driver initialized: 
[logs/iOS_a2a6f180af7e6b36828ed95b3fc1de2c10e11e44/2022-01-10 INFO ] 2022-01-10 09:30:12.984 TC02_Medium_Test:60 - Loading...Sign Up Test Data
[logs/iOS_a2a6f180af7e6b36828ed95b3fc1de2c10e11e44/2022-01-10 INFO ] 2022-01-10 09:30:12.986 ParentClass:330 - loading...testdata/signup
[logs/iOS_a2a6f180af7e6b36828ed95b3fc1de2c10e11e44/2022-01-10 INFO ] 2022-01-10 09:30:12.993 TC02_Medium_Test:64 - First Name : demouser
[logs/iOS_a2a6f180af7e6b36828ed95b3fc1de2c10e11e44/2022-01-10 INFO ] 2022-01-10 09:30:12.995 TC02_Medium_Test:67 - Last Name : demouser
[logs/iOS_a2a6f180af7e6b36828ed95b3fc1de2c10e11e44/2022-01-10 INFO ] 2022-01-10 09:30:12.997 TC02_Medium_Test:70 - Email address : demouser2652@gmail.com
[logs/iOS_a2a6f180af7e6b36828ed95b3fc1de2c10e11e44/2022-01-10 INFO ] 2022-01-10 09:30:12.999 TC02_Medium_Test:73 - UDID : a2a6f180af7e6b36828ed95b3fc1de2c10e11e44
[logs/iOS_a2a6f180af7e6b36828ed95b3fc1de2c10e11e44/2022-01-10 INFO ] 2022-01-10 09:30:13.000 TC02_Medium_Test:75 - Retrieved...Sign Up Test Data
[logs/iOS_a2a6f180af7e6b36828ed95b3fc1de2c10e11e44/2022-01-10 INFO ] 2022-01-10 09:30:13.626 TC02_Medium_Test:84 - 

****** starting test : Login_And_Onboard ******

[logs/iOS_a2a6f180af7e6b36828ed95b3fc1de2c10e11e44/2022-01-10 INFO ] 2022-01-10 09:30:13.994 ParentClass:433 - video path: videos/iOS_a2a6f180af7e6b36828ed95b3fc1de2c10e11e44/2022-01-10-09-30-03/TC02_Medium_Test/Login_And_Onboard.mp4
[logs/iOS_a2a6f180af7e6b36828ed95b3fc1de2c10e11e44/2022-01-10 INFO ] 2022-01-10 09:30:14.464 TC02_Medium_Test:84 - 

****** starting test : Verify_Main_Device_UI_On_All_Tab_Page ******

[logs/iOS_a2a6f180af7e6b36828ed95b3fc1de2c10e11e44/2022-01-10 INFO ] 2022-01-10 09:30:14.466 TC02_Medium_Test:153 -                           
[logs/iOS_a2a6f180af7e6b36828ed95b3fc1de2c10e11e44/2022-01-10 INFO ] 2022-01-10 09:30:14.466 TC02_Medium_Test:154 - **************************
[logs/iOS_a2a6f180af7e6b36828ed95b3fc1de2c10e11e44/2022-01-10 INFO ] 2022-01-10 09:30:14.467 TC02_Medium_Test:155 - Test: Verify Main Device  
[logs/iOS_a2a6f180af7e6b36828ed95b3fc1de2c10e11e44/2022-01-10 INFO ] 2022-01-10 09:30:14.467 TC02_Medium_Test:156 - **************************
[logs/iOS_a2a6f180af7e6b36828ed95b3fc1de2c10e11e44/2022-01-10 ERROR] 2022-01-10 09:30:29.743 TestListener:39 - org.openqa.selenium.StaleElementReferenceException: The previously found element ""Mesh_Home_Screen_Button_Mesh" Button" is not present in the current view anymore. Make sure the application UI has the expected state. Original error: No matches found for Elements matching predicate 'wdUID IN {"62000000-0000-0000-7604-000000000000"}' from input {(
    Button, Selected,
    Button,
    Button,
    Button,
    Button,
    Button,
    Button,
    Button,
    Button,
    Button
)}
For documentation on this error, please visit: https://www.seleniumhq.org/exceptions/stale_element_reference.html
Build info: version: '3.141.59', revision: 'e82be7d358', time: '2018-11-14T08:17:03'
System info: host: 'techleads-Mac-mini.local', ip: '192.168.0.131', os.name: 'Mac OS X', os.arch: 'x86_64', os.version: '10.16', java.version: '11.0.2'
Driver info: io.appium.java_client.ios.IOSDriver
Capabilities {automationName: XCUITest, browserName: , bundleId: com.arris.sbcBeta, databaseEnabled: false, deviceName: iPhone, handlesAlerts: true, javascriptEnabled: true, locationContextEnabled: false, networkConnectionEnabled: false, newCommandTimeout: 160, noReset: false, platform: MAC, platformName: iOS, platformVersion: 14.7.1, takesScreenshot: true, udid: a2a6f180af7e6b36828ed95b3fc..., webStorageEnabled: false, xcodeOrgId: MMMJR6XCK4}
Session ID: fd71a51d-ece3-41df-870b-0df7aae06247
	at java.base/jdk.internal.reflect.NativeConstructorAccessorImpl.newInstance0(Native Method)
	at java.base/jdk.internal.reflect.NativeConstructorAccessorImpl.newInstance(NativeConstructorAccessorImpl.java:62)
	at java.base/jdk.internal.reflect.DelegatingConstructorAccessorImpl.newInstance(DelegatingConstructorAccessorImpl.java:45)
	at java.base/java.lang.reflect.Constructor.newInstance(Constructor.java:490)
	at org.openqa.selenium.remote.http.W3CHttpResponseCodec.createException(W3CHttpResponseCodec.java:187)
	at org.openqa.selenium.remote.http.W3CHttpResponseCodec.decode(W3CHttpResponseCodec.java:122)
	at org.openqa.selenium.remote.http.W3CHttpResponseCodec.decode(W3CHttpResponseCodec.java:49)
	at org.openqa.selenium.remote.HttpCommandExecutor.execute(HttpCommandExecutor.java:158)
	at io.appium.java_client.remote.AppiumCommandExecutor.execute(AppiumCommandExecutor.java:239)
	at org.openqa.selenium.remote.RemoteWebDriver.execute(RemoteWebDriver.java:552)
	at io.appium.java_client.DefaultGenericMobileDriver.execute(DefaultGenericMobileDriver.java:41)
	at io.appium.java_client.AppiumDriver.execute(AppiumDriver.java:1)
	at io.appium.java_client.ios.IOSDriver.execute(IOSDriver.java:1)
	at org.openqa.selenium.remote.RemoteWebElement.execute(RemoteWebElement.java:285)
	at io.appium.java_client.DefaultGenericMobileElement.execute(DefaultGenericMobileElement.java:45)
	at io.appium.java_client.MobileElement.execute(MobileElement.java:1)
	at io.appium.java_client.ios.IOSElement.execute(IOSElement.java:1)
	at org.openqa.selenium.remote.RemoteWebElement.isDisplayed(RemoteWebElement.java:326)
	at java.base/jdk.internal.reflect.NativeMethodAccessorImpl.invoke0(Native Method)
	at java.base/jdk.internal.reflect.NativeMethodAccessorImpl.invoke(NativeMethodAccessorImpl.java:62)
	at java.base/jdk.internal.reflect.DelegatingMethodAccessorImpl.invoke(DelegatingMethodAccessorImpl.java:43)
	at java.base/java.lang.reflect.Method.invoke(Method.java:566)
	at io.appium.java_client.pagefactory.ElementInterceptor.getObject(ElementInterceptor.java:40)
	at io.appium.java_client.pagefactory.interceptors.InterceptorOfASingleElement.intercept(InterceptorOfASingleElement.java:60)
	at io.appium.java_client.ios.IOSElement$$EnhancerByCGLIB$$d311658.isDisplayed(<generated>)
	at com.cs.arris.Pages.HomePage.clickMainDeviceImage(HomePage.java:658)
	at com.cs.arris.Tests.TC02_Medium_Test.Verify_Main_Device_UI_On_All_Tab_Page(TC02_Medium_Test.java:159)
	at java.base/jdk.internal.reflect.NativeMethodAccessorImpl.invoke0(Native Method)
	at java.base/jdk.internal.reflect.NativeMethodAccessorImpl.invoke(NativeMethodAccessorImpl.java:62)
	at java.base/jdk.internal.reflect.DelegatingMethodAccessorImpl.invoke(DelegatingMethodAccessorImpl.java:43)
	at java.base/java.lang.reflect.Method.invoke(Method.java:566)
	at org.testng.internal.MethodInvocationHelper.invokeMethod(MethodInvocationHelper.java:133)
	at org.testng.internal.TestInvoker.invokeMethod(TestInvoker.java:598)
	at org.testng.internal.TestInvoker.invokeTestMethod(TestInvoker.java:173)
	at org.testng.internal.MethodRunner.runInSequence(MethodRunner.java:46)
	at org.testng.internal.TestInvoker$MethodInvocationAgent.invoke(TestInvoker.java:824)
	at org.testng.internal.TestInvoker.invokeTestMethods(TestInvoker.java:146)
	at org.testng.internal.TestMethodWorker.invokeTestMethods(TestMethodWorker.java:146)
	at org.testng.internal.TestMethodWorker.run(TestMethodWorker.java:128)
	at java.base/java.util.ArrayList.forEach(ArrayList.java:1540)
	at org.testng.TestRunner.privateRun(TestRunner.java:794)
	at org.testng.TestRunner.run(TestRunner.java:596)
	at org.testng.SuiteRunner.runTest(SuiteRunner.java:377)
	at org.testng.SuiteRunner.runSequentially(SuiteRunner.java:371)
	at org.testng.SuiteRunner.privateRun(SuiteRunner.java:332)
	at org.testng.SuiteRunner.run(SuiteRunner.java:276)
	at org.testng.SuiteRunnerWorker.runSuite(SuiteRunnerWorker.java:53)
	at org.testng.SuiteRunnerWorker.run(SuiteRunnerWorker.java:96)
	at org.testng.TestNG.runSuitesSequentially(TestNG.java:1212)
	at org.testng.TestNG.runSuitesLocally(TestNG.java:1134)
	at org.testng.TestNG.runSuites(TestNG.java:1063)
	at org.testng.TestNG.run(TestNG.java:1031)
	at org.apache.maven.surefire.testng.TestNGExecutor.run(TestNGExecutor.java:283)
	at org.apache.maven.surefire.testng.TestNGXmlTestSuite.execute(TestNGXmlTestSuite.java:75)
	at org.apache.maven.surefire.testng.TestNGProvider.invoke(TestNGProvider.java:120)
	at org.apache.maven.surefire.booter.ForkedBooter.invokeProviderInSameClassLoader(ForkedBooter.java:384)
	at org.apache.maven.surefire.booter.ForkedBooter.runSuitesInProcess(ForkedBooter.java:345)
	at org.apache.maven.surefire.booter.ForkedBooter.execute(ForkedBooter.java:126)
	at org.apache.maven.surefire.booter.ForkedBooter.main(ForkedBooter.java:418)

[logs/iOS_a2a6f180af7e6b36828ed95b3fc1de2c10e11e44/2022-01-10 INFO ] 2022-01-10 09:30:31.053 ParentClass:433 - video path: videos/iOS_a2a6f180af7e6b36828ed95b3fc1de2c10e11e44/2022-01-10-09-30-03/TC02_Medium_Test/Verify_Main_Device_UI_On_All_Tab_Page.mp4
[logs/iOS_a2a6f180af7e6b36828ed95b3fc1de2c10e11e44/2022-01-10 INFO ] 2022-01-10 09:30:31.636 TC02_Medium_Test:84 - 

****** starting test : Verify_Main_Device_UI_On_5GHz_Tab_Page ******

[logs/iOS_a2a6f180af7e6b36828ed95b3fc1de2c10e11e44/2022-01-10 ERROR] 2022-01-10 09:30:37.246 TestListener:39 - org.openqa.selenium.NoSuchElementException: Can't locate an element by this strategy: By.chained({By.xpath: //XCUIElementTypeButton[@name="5.0 GHz"]})
	at io.appium.java_client.pagefactory.AppiumElementLocator.findElement(AppiumElementLocator.java:126)
	at io.appium.java_client.pagefactory.interceptors.InterceptorOfASingleElement.intercept(InterceptorOfASingleElement.java:59)
	at io.appium.java_client.ios.IOSElement$$EnhancerByCGLIB$$d311658.isDisplayed(<generated>)
	at com.cs.arris.Pages.MainDeviceAllTabPage.click5GhzTab(MainDeviceAllTabPage.java:415)
	at com.cs.arris.Tests.TC02_Medium_Test.Verify_Main_Device_UI_On_5GHz_Tab_Page(TC02_Medium_Test.java:265)
	at java.base/jdk.internal.reflect.NativeMethodAccessorImpl.invoke0(Native Method)
	at java.base/jdk.internal.reflect.NativeMethodAccessorImpl.invoke(NativeMethodAccessorImpl.java:62)
	at java.base/jdk.internal.reflect.DelegatingMethodAccessorImpl.invoke(DelegatingMethodAccessorImpl.java:43)
	at java.base/java.lang.reflect.Method.invoke(Method.java:566)
	at org.testng.internal.MethodInvocationHelper.invokeMethod(MethodInvocationHelper.java:133)
	at org.testng.internal.TestInvoker.invokeMethod(TestInvoker.java:598)
	at org.testng.internal.TestInvoker.invokeTestMethod(TestInvoker.java:173)
	at org.testng.internal.MethodRunner.runInSequence(MethodRunner.java:46)
	at org.testng.internal.TestInvoker$MethodInvocationAgent.invoke(TestInvoker.java:824)
	at org.testng.internal.TestInvoker.invokeTestMethods(TestInvoker.java:146)
	at org.testng.internal.TestMethodWorker.invokeTestMethods(TestMethodWorker.java:146)
	at org.testng.internal.TestMethodWorker.run(TestMethodWorker.java:128)
	at java.base/java.util.ArrayList.forEach(ArrayList.java:1540)
	at org.testng.TestRunner.privateRun(TestRunner.java:794)
	at org.testng.TestRunner.run(TestRunner.java:596)
	at org.testng.SuiteRunner.runTest(SuiteRunner.java:377)
	at org.testng.SuiteRunner.runSequentially(SuiteRunner.java:371)
	at org.testng.SuiteRunner.privateRun(SuiteRunner.java:332)
	at org.testng.SuiteRunner.run(SuiteRunner.java:276)
	at org.testng.SuiteRunnerWorker.runSuite(SuiteRunnerWorker.java:53)
	at org.testng.SuiteRunnerWorker.run(SuiteRunnerWorker.java:96)
	at org.testng.TestNG.runSuitesSequentially(TestNG.java:1212)
	at org.testng.TestNG.runSuitesLocally(TestNG.java:1134)
	at org.testng.TestNG.runSuites(TestNG.java:1063)
	at org.testng.TestNG.run(TestNG.java:1031)
	at org.apache.maven.surefire.testng.TestNGExecutor.run(TestNGExecutor.java:283)
	at org.apache.maven.surefire.testng.TestNGXmlTestSuite.execute(TestNGXmlTestSuite.java:75)
	at org.apache.maven.surefire.testng.TestNGProvider.invoke(TestNGProvider.java:120)
	at org.apache.maven.surefire.booter.ForkedBooter.invokeProviderInSameClassLoader(ForkedBooter.java:384)
	at org.apache.maven.surefire.booter.ForkedBooter.runSuitesInProcess(ForkedBooter.java:345)
	at org.apache.maven.surefire.booter.ForkedBooter.execute(ForkedBooter.java:126)
	at org.apache.maven.surefire.booter.ForkedBooter.main(ForkedBooter.java:418)
Caused by: org.openqa.selenium.TimeoutException: Expected condition failed: waiting for io.appium.java_client.pagefactory.AppiumElementLocator$WaitingFunction@4d95a72e (tried for 1 second(s) with 500 milliseconds interval)
	at org.openqa.selenium.support.ui.FluentWait.timeoutException(FluentWait.java:304)
	at org.openqa.selenium.support.ui.FluentWait.until(FluentWait.java:272)
	at io.appium.java_client.pagefactory.AppiumElementLocator.waitFor(AppiumElementLocator.java:99)
	at io.appium.java_client.pagefactory.AppiumElementLocator.findElement(AppiumElementLocator.java:119)
	... 36 more
Caused by: org.openqa.selenium.NoSuchElementException: Cannot locate an element using By.chained({By.xpath: //XCUIElementTypeButton[@name="5.0 GHz"]})
For documentation on this error, please visit: https://www.seleniumhq.org/exceptions/no_such_element.html
Build info: version: '3.141.59', revision: 'e82be7d358', time: '2018-11-14T08:17:03'
System info: host: 'techleads-Mac-mini.local', ip: '192.168.0.131', os.name: 'Mac OS X', os.arch: 'x86_64', os.version: '10.16', java.version: '11.0.2'
Driver info: driver.version: IOSDriver
	at io.appium.java_client.pagefactory.bys.builder.ByChained.findElement(ByChained.java:74)
	at org.openqa.selenium.remote.RemoteWebDriver.findElement(RemoteWebDriver.java:315)
	at io.appium.java_client.DefaultGenericMobileDriver.findElement(DefaultGenericMobileDriver.java:57)
	at io.appium.java_client.AppiumDriver.findElement(AppiumDriver.java:1)
	at io.appium.java_client.ios.IOSDriver.findElement(IOSDriver.java:1)
	at io.appium.java_client.pagefactory.bys.ContentMappedBy.findElement(ContentMappedBy.java:50)
	at org.openqa.selenium.remote.RemoteWebDriver.findElement(RemoteWebDriver.java:315)
	at io.appium.java_client.DefaultGenericMobileDriver.findElement(DefaultGenericMobileDriver.java:57)
	at io.appium.java_client.AppiumDriver.findElement(AppiumDriver.java:1)
	at io.appium.java_client.ios.IOSDriver.findElement(IOSDriver.java:1)
	at io.appium.java_client.pagefactory.AppiumElementLocator.lambda$0(AppiumElementLocator.java:120)
	at io.appium.java_client.pagefactory.AppiumElementLocator$WaitingFunction.apply(AppiumElementLocator.java:172)
	at io.appium.java_client.pagefactory.AppiumElementLocator$WaitingFunction.apply(AppiumElementLocator.java:1)
	at org.openqa.selenium.support.ui.FluentWait.until(FluentWait.java:249)
	... 38 more

[logs/iOS_a2a6f180af7e6b36828ed95b3fc1de2c10e11e44/2022-01-10 INFO ] 2022-01-10 09:30:37.701 ParentClass:433 - video path: videos/iOS_a2a6f180af7e6b36828ed95b3fc1de2c10e11e44/2022-01-10-09-30-03/TC02_Medium_Test/Verify_Main_Device_UI_On_5GHz_Tab_Page.mp4
[logs/iOS_a2a6f180af7e6b36828ed95b3fc1de2c10e11e44/2022-01-10 INFO ] 2022-01-10 09:30:38.451 TC02_Medium_Test:84 - 

****** starting test : Verify_LED_Settings_UI_On_5GHz_Tab_Page ******

[logs/iOS_a2a6f180af7e6b36828ed95b3fc1de2c10e11e44/2022-01-10 INFO ] 2022-01-10 09:30:38.495 MainDevice5GHzTabPage:276 -                          
[logs/iOS_a2a6f180af7e6b36828ed95b3fc1de2c10e11e44/2022-01-10 INFO ] 2022-01-10 09:30:38.496 MainDevice5GHzTabPage:277 - **************************
[logs/iOS_a2a6f180af7e6b36828ed95b3fc1de2c10e11e44/2022-01-10 INFO ] 2022-01-10 09:30:38.496 MainDevice5GHzTabPage:278 - LED Settings Verficiation
[logs/iOS_a2a6f180af7e6b36828ed95b3fc1de2c10e11e44/2022-01-10 INFO ] 2022-01-10 09:30:38.496 MainDevice5GHzTabPage:279 - *************************
