<?xml version="1.0" encoding="UTF-8"?>
<!-- Generated by org.testng.reporters.JUnitXMLReporter -->
<testsuite ignored="0" hostname="techleads-Mac-mini.local" failures="0" tests="9" name="Default test" time="0.139" errors="0" timestamp="2021-12-23T23:14:24 IST">
  <testcase classname="com.cs.arris.Base.ParentClass" name="@BeforeSuite beforeSuite" time="-1.640281459298E9">
    <failure type="org.testng.TestNGException" message="
Parameter &amp;apos;platform&amp;apos; is required by BeforeSuite on method beforeSuite but has not been marked @Optional or defined
in /private/var/folders/0n/gztfs3315sqflgmf8691xcwr0000gp/T/testng-eclipse--1072445143/testng-customsuite.xml">
      <![CDATA[org.testng.TestNGException: 
Parameter 'platform' is required by BeforeSuite on method beforeSuite but has not been marked @Optional or defined
in /private/var/folders/0n/gztfs3315sqflgmf8691xcwr0000gp/T/testng-eclipse--1072445143/testng-customsuite.xml
at org.testng.internal.Parameters.createParams(Parameters.java:270)
at org.testng.internal.Parameters.createParametersForMethod(Parameters.java:358)
at org.testng.internal.Parameters.createParameters(Parameters.java:700)
at org.testng.internal.Parameters.createConfigurationParameters(Parameters.java:168)
at org.testng.internal.ConfigInvoker.invokeConfigurations(ConfigInvoker.java:302)
at org.testng.SuiteRunner.privateRun(SuiteRunner.java:317)
at org.testng.SuiteRunner.run(SuiteRunner.java:276)
at org.testng.SuiteRunnerWorker.runSuite(SuiteRunnerWorker.java:53)
at org.testng.SuiteRunnerWorker.run(SuiteRunnerWorker.java:96)
at org.testng.TestNG.runSuitesSequentially(TestNG.java:1212)
at org.testng.TestNG.runSuitesLocally(TestNG.java:1134)
at org.testng.TestNG.runSuites(TestNG.java:1063)
at org.testng.TestNG.run(TestNG.java:1031)
at org.testng.remote.AbstractRemoteTestNG.run(AbstractRemoteTestNG.java:115)
at org.testng.remote.RemoteTestNG.initAndRun(RemoteTestNG.java:251)
at org.testng.remote.RemoteTestNG.main(RemoteTestNG.java:77)
]]>
    </failure>
  </testcase> <!-- @BeforeSuite beforeSuite -->
  <testcase classname="com.cs.arris.Base.ParentClass" name="@BeforeTest beforeTest" time="-1.640281459322E9">
    <skipped/>
  </testcase> <!-- @BeforeTest beforeTest -->
  <testcase classname="com.cs.arris.Tests.TC01_Simple_Test" name="@BeforeClass beforeClass" time="-1.640281459358E9">
    <skipped/>
  </testcase> <!-- @BeforeClass beforeClass -->
  <testcase classname="com.cs.arris.Base.ParentClass" name="@BeforeMethod beforeMethod" time="-1.640281459371E9">
    <skipped/>
  </testcase> <!-- @BeforeMethod beforeMethod -->
  <testcase classname="com.cs.arris.Tests.TC01_Simple_Test" name="@BeforeMethod beforeMethod" time="-1.640281459372E9">
    <skipped/>
  </testcase> <!-- @BeforeMethod beforeMethod -->
  <testcase classname="com.cs.arris.Base.ParentClass" name="@AfterMethod afterMethod" time="-1.640281459384E9">
    <skipped/>
  </testcase> <!-- @AfterMethod afterMethod -->
  <testcase classname="com.cs.arris.Base.ParentClass" name="@AfterTest afterTest" time="-1.640281459458E9">
    <skipped/>
  </testcase> <!-- @AfterTest afterTest -->
  <testcase classname="com.cs.arris.Tests.TC01_Simple_Test" name="Login_And_Onboard" time="0.0">
    <skipped/>
  </testcase> <!-- Login_And_Onboard -->
  <testcase classname="com.cs.arris.Tests.TC01_Simple_Test" name="Verify_Home_UI_Page" time="0.0">
    <skipped/>
  </testcase> <!-- Verify_Home_UI_Page -->
  <testcase classname="com.cs.arris.Tests.TC01_Simple_Test" name="Verify_Home_Device_Signal_Strength_Navigation" time="0.0">
    <skipped/>
  </testcase> <!-- Verify_Home_Device_Signal_Strength_Navigation -->
  <testcase classname="com.cs.arris.Tests.TC01_Simple_Test" name="Verify_Home_Speed_Test_History_Navigation" time="0.0">
    <skipped/>
  </testcase> <!-- Verify_Home_Speed_Test_History_Navigation -->
  <testcase classname="com.cs.arris.Tests.TC01_Simple_Test" name="Verify_Home_Currently_Blocked_Devices_Navigation" time="0.0">
    <skipped/>
  </testcase> <!-- Verify_Home_Currently_Blocked_Devices_Navigation -->
  <testcase classname="com.cs.arris.Tests.TC01_Simple_Test" name="Verify_Home_Main_Devices_Navigation" time="0.0">
    <skipped/>
  </testcase> <!-- Verify_Home_Main_Devices_Navigation -->
  <testcase classname="com.cs.arris.Tests.TC01_Simple_Test" name="Verify_Home_Total_Devices_Navigation" time="0.0">
    <skipped/>
  </testcase> <!-- Verify_Home_Total_Devices_Navigation -->
  <testcase classname="com.cs.arris.Tests.TC01_Simple_Test" name="Verify_Home_Hamburger_Navigation" time="0.0">
    <skipped/>
  </testcase> <!-- Verify_Home_Hamburger_Navigation -->
  <testcase classname="com.cs.arris.Tests.TC01_Simple_Test" name="Verify_Home_Notifications_Navigation" time="0.0">
    <skipped/>
  </testcase> <!-- Verify_Home_Notifications_Navigation -->
</testsuite> <!-- Default test -->
