[logs/iOS_a2a6f180af7e6b36828ed95b3fc1de2c10e11e44/2022-01-06 INFO ] 2022-01-07 00:00:00.042 HamburgerAboutPage:170 - Switched to WEBVIEW
[logs/iOS_a2a6f180af7e6b36828ed95b3fc1de2c10e11e44/2022-01-06 INFO ] 2022-01-07 00:00:05.453 HamburgerAboutPage:175 - About Page - Accessed web url: data:,
[logs/iOS_a2a6f180af7e6b36828ed95b3fc1de2c10e11e44/2022-01-06 INFO ] 2022-01-07 00:00:05.664 HamburgerAboutPage:193 - Switched to NATIVE_APP View
[logs/iOS_a2a6f180af7e6b36828ed95b3fc1de2c10e11e44/2022-01-06 INFO ] 2022-01-07 00:00:07.255 ParentClass:430 - video path: videos/iOS_a2a6f180af7e6b36828ed95b3fc1de2c10e11e44/2022-01-06-23-54-41/TC01_Simple_Test/Verify_Hamburger_Get_Another_Max_Page.mp4
[logs/iOS_a2a6f180af7e6b36828ed95b3fc1de2c10e11e44/2022-01-06 INFO ] 2022-01-07 00:00:07.754 TC01_Simple_Test:108 - 

****** starting test : Verify_Hamburger_About_Help_Page ******

[logs/iOS_a2a6f180af7e6b36828ed95b3fc1de2c10e11e44/2022-01-06 INFO ] 2022-01-07 00:00:08.911 HamburgerAboutPage:205 - On About Page
[logs/iOS_a2a6f180af7e6b36828ed95b3fc1de2c10e11e44/2022-01-06 INFO ] 2022-01-07 00:00:12.395 HamburgerAboutPage:89 - Clicked on Help Button
[logs/iOS_a2a6f180af7e6b36828ed95b3fc1de2c10e11e44/2022-01-06 INFO ] 2022-01-07 00:00:17.361 AboutHelpPage:37 - Clicked Close Button
[logs/iOS_a2a6f180af7e6b36828ed95b3fc1de2c10e11e44/2022-01-06 INFO ] 2022-01-07 00:00:21.105 HamburgerAboutPage:99 - Clicked on Back Button
[logs/iOS_a2a6f180af7e6b36828ed95b3fc1de2c10e11e44/2022-01-06 INFO ] 2022-01-07 00:00:21.488 ParentClass:430 - video path: videos/iOS_a2a6f180af7e6b36828ed95b3fc1de2c10e11e44/2022-01-06-23-54-41/TC01_Simple_Test/Verify_Hamburger_About_Help_Page.mp4
[logs/iOS_a2a6f180af7e6b36828ed95b3fc1de2c10e11e44/2022-01-06 INFO ] 2022-01-07 00:00:22.231 TC01_Simple_Test:108 - 

****** starting test : Verify_Hamburger_Surfboard_Help_UI_Page ******

[logs/iOS_a2a6f180af7e6b36828ed95b3fc1de2c10e11e44/2022-01-06 INFO ] 2022-01-07 00:00:22.232 TC01_Simple_Test:346 -                                         
[logs/iOS_a2a6f180af7e6b36828ed95b3fc1de2c10e11e44/2022-01-06 INFO ] 2022-01-07 00:00:22.232 TC01_Simple_Test:347 - ****************************************
[logs/iOS_a2a6f180af7e6b36828ed95b3fc1de2c10e11e44/2022-01-06 INFO ] 2022-01-07 00:00:22.233 TC01_Simple_Test:348 - Test: Hamburger Menu - Help Menu Option 
[logs/iOS_a2a6f180af7e6b36828ed95b3fc1de2c10e11e44/2022-01-06 INFO ] 2022-01-07 00:00:22.234 TC01_Simple_Test:349 - ****************************************
[logs/iOS_a2a6f180af7e6b36828ed95b3fc1de2c10e11e44/2022-01-06 INFO ] 2022-01-07 00:00:27.240 FooterIconsPage:149 - Footer Icons Page - Clicked on Home Button
[logs/iOS_a2a6f180af7e6b36828ed95b3fc1de2c10e11e44/2022-01-06 INFO ] 2022-01-07 00:00:33.737 HomePage:489 - Home Page - Clicked on Navigation Icon to display the Hamburger Menu
[logs/iOS_a2a6f180af7e6b36828ed95b3fc1de2c10e11e44/2022-01-06 INFO ] 2022-01-07 00:00:35.857 HamburgerMenuPage:254 - On Hamburger Menu Page
[logs/iOS_a2a6f180af7e6b36828ed95b3fc1de2c10e11e44/2022-01-06 INFO ] 2022-01-07 00:00:42.713 HamburgerMenuPage:170 - Clicked on Help Menu Button
[logs/iOS_a2a6f180af7e6b36828ed95b3fc1de2c10e11e44/2022-01-06 INFO ] 2022-01-07 00:00:45.041 HamburgerHelpPage:237 - On Help Page
[logs/iOS_a2a6f180af7e6b36828ed95b3fc1de2c10e11e44/2022-01-06 INFO ] 2022-01-07 00:00:48.231 HamburgerHelpPage:104 - Title Help is displayed
[logs/iOS_a2a6f180af7e6b36828ed95b3fc1de2c10e11e44/2022-01-06 INFO ] 2022-01-07 00:00:49.601 HamburgerHelpPage:109 - Surfboard Logo Image is displayed
[logs/iOS_a2a6f180af7e6b36828ed95b3fc1de2c10e11e44/2022-01-06 INFO ] 2022-01-07 00:00:52.236 HamburgerHelpPage:114 - Additional Help Text NEED ADDITIONAL HELP? is displayed
[logs/iOS_a2a6f180af7e6b36828ed95b3fc1de2c10e11e44/2022-01-06 INFO ] 2022-01-07 00:00:54.834 HamburgerHelpPage:119 - Browse our help content or start a chat for additional support. message is displayed
[logs/iOS_a2a6f180af7e6b36828ed95b3fc1de2c10e11e44/2022-01-06 INFO ] 2022-01-07 00:00:57.457 HamburgerHelpPage:124 - Button Frequently asked questions is displayed
[logs/iOS_a2a6f180af7e6b36828ed95b3fc1de2c10e11e44/2022-01-06 INFO ] 2022-01-07 00:01:00.122 HamburgerHelpPage:129 - www.arris.com/selfhelp is displayed
[logs/iOS_a2a6f180af7e6b36828ed95b3fc1de2c10e11e44/2022-01-06 INFO ] 2022-01-07 00:01:02.718 HamburgerHelpPage:134 - Chat with us is displayed
[logs/iOS_a2a6f180af7e6b36828ed95b3fc1de2c10e11e44/2022-01-06 INFO ] 2022-01-07 00:01:03.937 ParentClass:430 - video path: videos/iOS_a2a6f180af7e6b36828ed95b3fc1de2c10e11e44/2022-01-06-23-54-41/TC01_Simple_Test/Verify_Hamburger_Surfboard_Help_UI_Page.mp4
[logs/iOS_a2a6f180af7e6b36828ed95b3fc1de2c10e11e44/2022-01-06 INFO ] 2022-01-07 00:01:04.431 TC01_Simple_Test:108 - 

****** starting test : Verify_Hamburger_Surfboard_FAQ_Help_Page ******

[logs/iOS_a2a6f180af7e6b36828ed95b3fc1de2c10e11e44/2022-01-06 INFO ] 2022-01-07 00:01:08.329 HamburgerHelpPage:93 - Help Page - Clicked on FAQ Button
[logs/iOS_a2a6f180af7e6b36828ed95b3fc1de2c10e11e44/2022-01-06 INFO ] 2022-01-07 00:01:11.347 FAQHelpPage:86 - Not on FAQ Help Page
[logs/iOS_a2a6f180af7e6b36828ed95b3fc1de2c10e11e44/2022-01-06 INFO ] 2022-01-07 00:01:11.653 ParentClass:430 - video path: videos/iOS_a2a6f180af7e6b36828ed95b3fc1de2c10e11e44/2022-01-06-23-54-41/TC01_Simple_Test/Verify_Hamburger_Surfboard_FAQ_Help_Page.mp4
[logs/iOS_a2a6f180af7e6b36828ed95b3fc1de2c10e11e44/2022-01-06 INFO ] 2022-01-07 00:01:12.110 TC01_Simple_Test:108 - 

****** starting test : Verify_Hamburger_Surfboard_Self_Help_Page ******

[logs/iOS_a2a6f180af7e6b36828ed95b3fc1de2c10e11e44/2022-01-06 ERROR] 2022-01-07 00:01:24.472 TestListener:39 - java.lang.AssertionError: The following asserts failed:
	expected [true] but found [false]
	at org.testng.asserts.SoftAssert.assertAll(SoftAssert.java:47)
	at org.testng.asserts.SoftAssert.assertAll(SoftAssert.java:31)
	at com.cs.arris.Tests.TC01_Simple_Test.Verify_Hamburger_Surfboard_Self_Help_Page(TC01_Simple_Test.java:379)
	at java.base/jdk.internal.reflect.NativeMethodAccessorImpl.invoke0(Native Method)
	at java.base/jdk.internal.reflect.NativeMethodAccessorImpl.invoke(NativeMethodAccessorImpl.java:62)
	at java.base/jdk.internal.reflect.DelegatingMethodAccessorImpl.invoke(DelegatingMethodAccessorImpl.java:43)
	at java.base/java.lang.reflect.Method.invoke(Method.java:566)
	at org.testng.internal.MethodInvocationHelper.invokeMethod(MethodInvocationHelper.java:133)
	at org.testng.internal.TestInvoker.invokeMethod(TestInvoker.java:598)
	at org.testng.internal.TestInvoker.invokeTestMethod(TestInvoker.java:173)
	at org.testng.internal.MethodRunner.runInSequence(MethodRunner.java:46)
	at org.testng.internal.TestInvoker$MethodInvocationAgent.invoke(TestInvoker.java:824)
	at org.testng.internal.TestInvoker.invokeTestMethods(TestInvoker.java:146)
	at org.testng.internal.TestMethodWorker.invokeTestMethods(TestMethodWorker.java:146)
	at org.testng.internal.TestMethodWorker.run(TestMethodWorker.java:128)
	at java.base/java.util.ArrayList.forEach(ArrayList.java:1540)
	at org.testng.TestRunner.privateRun(TestRunner.java:794)
	at org.testng.TestRunner.run(TestRunner.java:596)
	at org.testng.SuiteRunner.runTest(SuiteRunner.java:377)
	at org.testng.SuiteRunner.runSequentially(SuiteRunner.java:371)
	at org.testng.SuiteRunner.privateRun(SuiteRunner.java:332)
	at org.testng.SuiteRunner.run(SuiteRunner.java:276)
	at org.testng.SuiteRunnerWorker.runSuite(SuiteRunnerWorker.java:53)
	at org.testng.SuiteRunnerWorker.run(SuiteRunnerWorker.java:96)
	at org.testng.TestNG.runSuitesSequentially(TestNG.java:1212)
	at org.testng.TestNG.runSuitesLocally(TestNG.java:1134)
	at org.testng.TestNG.runSuites(TestNG.java:1063)
	at org.testng.TestNG.run(TestNG.java:1031)
	at org.apache.maven.surefire.testng.TestNGExecutor.run(TestNGExecutor.java:283)
	at org.apache.maven.surefire.testng.TestNGXmlTestSuite.execute(TestNGXmlTestSuite.java:75)
	at org.apache.maven.surefire.testng.TestNGProvider.invoke(TestNGProvider.java:120)
	at org.apache.maven.surefire.booter.ForkedBooter.invokeProviderInSameClassLoader(ForkedBooter.java:384)
	at org.apache.maven.surefire.booter.ForkedBooter.runSuitesInProcess(ForkedBooter.java:345)
	at org.apache.maven.surefire.booter.ForkedBooter.execute(ForkedBooter.java:126)
	at org.apache.maven.surefire.booter.ForkedBooter.main(ForkedBooter.java:418)

[logs/iOS_a2a6f180af7e6b36828ed95b3fc1de2c10e11e44/2022-01-06 INFO ] 2022-01-07 00:01:25.928 ParentClass:430 - video path: videos/iOS_a2a6f180af7e6b36828ed95b3fc1de2c10e11e44/2022-01-06-23-54-41/TC01_Simple_Test/Verify_Hamburger_Surfboard_Self_Help_Page.mp4
[logs/iOS_a2a6f180af7e6b36828ed95b3fc1de2c10e11e44/2022-01-06 INFO ] 2022-01-07 00:01:26.407 TC01_Simple_Test:108 - 

****** starting test : Verify_Hamburger_Surfboard_Chat_With_US_Page ******

[logs/iOS_a2a6f180af7e6b36828ed95b3fc1de2c10e11e44/2022-01-06 INFO ] 2022-01-07 00:01:49.519 HamburgerHelpPage:83 - Clicked on Back Button
[logs/iOS_a2a6f180af7e6b36828ed95b3fc1de2c10e11e44/2022-01-06 ERROR] 2022-01-07 00:01:49.755 TestListener:39 - java.lang.AssertionError: The following asserts failed:
	expected [true] but found [false]
	at org.testng.asserts.SoftAssert.assertAll(SoftAssert.java:47)
	at org.testng.asserts.SoftAssert.assertAll(SoftAssert.java:31)
	at com.cs.arris.Tests.TC01_Simple_Test.Verify_Hamburger_Surfboard_Chat_With_US_Page(TC01_Simple_Test.java:388)
	at java.base/jdk.internal.reflect.NativeMethodAccessorImpl.invoke0(Native Method)
	at java.base/jdk.internal.reflect.NativeMethodAccessorImpl.invoke(NativeMethodAccessorImpl.java:62)
	at java.base/jdk.internal.reflect.DelegatingMethodAccessorImpl.invoke(DelegatingMethodAccessorImpl.java:43)
	at java.base/java.lang.reflect.Method.invoke(Method.java:566)
	at org.testng.internal.MethodInvocationHelper.invokeMethod(MethodInvocationHelper.java:133)
	at org.testng.internal.TestInvoker.invokeMethod(TestInvoker.java:598)
	at org.testng.internal.TestInvoker.invokeTestMethod(TestInvoker.java:173)
	at org.testng.internal.MethodRunner.runInSequence(MethodRunner.java:46)
	at org.testng.internal.TestInvoker$MethodInvocationAgent.invoke(TestInvoker.java:824)
	at org.testng.internal.TestInvoker.invokeTestMethods(TestInvoker.java:146)
	at org.testng.internal.TestMethodWorker.invokeTestMethods(TestMethodWorker.java:146)
	at org.testng.internal.TestMethodWorker.run(TestMethodWorker.java:128)
	at java.base/java.util.ArrayList.forEach(ArrayList.java:1540)
	at org.testng.TestRunner.privateRun(TestRunner.java:794)
	at org.testng.TestRunner.run(TestRunner.java:596)
	at org.testng.SuiteRunner.runTest(SuiteRunner.java:377)
	at org.testng.SuiteRunner.runSequentially(SuiteRunner.java:371)
	at org.testng.SuiteRunner.privateRun(SuiteRunner.java:332)
	at org.testng.SuiteRunner.run(SuiteRunner.java:276)
	at org.testng.SuiteRunnerWorker.runSuite(SuiteRunnerWorker.java:53)
	at org.testng.SuiteRunnerWorker.run(SuiteRunnerWorker.java:96)
	at org.testng.TestNG.runSuitesSequentially(TestNG.java:1212)
	at org.testng.TestNG.runSuitesLocally(TestNG.java:1134)
	at org.testng.TestNG.runSuites(TestNG.java:1063)
	at org.testng.TestNG.run(TestNG.java:1031)
	at org.apache.maven.surefire.testng.TestNGExecutor.run(TestNGExecutor.java:283)
	at org.apache.maven.surefire.testng.TestNGXmlTestSuite.execute(TestNGXmlTestSuite.java:75)
	at org.apache.maven.surefire.testng.TestNGProvider.invoke(TestNGProvider.java:120)
	at org.apache.maven.surefire.booter.ForkedBooter.invokeProviderInSameClassLoader(ForkedBooter.java:384)
	at org.apache.maven.surefire.booter.ForkedBooter.runSuitesInProcess(ForkedBooter.java:345)
	at org.apache.maven.surefire.booter.ForkedBooter.execute(ForkedBooter.java:126)
	at org.apache.maven.surefire.booter.ForkedBooter.main(ForkedBooter.java:418)

[logs/iOS_a2a6f180af7e6b36828ed95b3fc1de2c10e11e44/2022-01-06 INFO ] 2022-01-07 00:01:51.771 ParentClass:430 - video path: videos/iOS_a2a6f180af7e6b36828ed95b3fc1de2c10e11e44/2022-01-06-23-54-41/TC01_Simple_Test/Verify_Hamburger_Surfboard_Chat_With_US_Page.mp4
[logs/iOS_a2a6f180af7e6b36828ed95b3fc1de2c10e11e44/2022-01-06 INFO ] 2022-01-07 00:01:52.249 TC01_Simple_Test:108 - 

****** starting test : Verify_Amazon_Features_UI_Page ******

[logs/iOS_a2a6f180af7e6b36828ed95b3fc1de2c10e11e44/2022-01-06 INFO ] 2022-01-07 00:01:52.252 TC01_Simple_Test:395 -                                                    
[logs/iOS_a2a6f180af7e6b36828ed95b3fc1de2c10e11e44/2022-01-06 INFO ] 2022-01-07 00:01:52.252 TC01_Simple_Test:396 - ***************************************************
[logs/iOS_a2a6f180af7e6b36828ed95b3fc1de2c10e11e44/2022-01-06 INFO ] 2022-01-07 00:01:52.252 TC01_Simple_Test:397 - Test: Hamburger Menu - Amazon Features Menu Option 
[logs/iOS_a2a6f180af7e6b36828ed95b3fc1de2c10e11e44/2022-01-06 INFO ] 2022-01-07 00:01:52.253 TC01_Simple_Test:398 - ***************************************************
[logs/iOS_a2a6f180af7e6b36828ed95b3fc1de2c10e11e44/2022-01-06 INFO ] 2022-01-07 00:01:56.117 FooterIconsPage:149 - Footer Icons Page - Clicked on Home Button
[logs/iOS_a2a6f180af7e6b36828ed95b3fc1de2c10e11e44/2022-01-06 INFO ] 2022-01-07 00:02:02.428 HomePage:489 - Home Page - Clicked on Navigation Icon to display the Hamburger Menu
[logs/iOS_a2a6f180af7e6b36828ed95b3fc1de2c10e11e44/2022-01-06 INFO ] 2022-01-07 00:02:09.718 HamburgerMenuPage:159 - Clicked on Amazon Features Menu Button
[logs/iOS_a2a6f180af7e6b36828ed95b3fc1de2c10e11e44/2022-01-06 INFO ] 2022-01-07 00:02:12.165 AmazonFeaturesPage:385 - On Amazon Features Page
[logs/iOS_a2a6f180af7e6b36828ed95b3fc1de2c10e11e44/2022-01-06 INFO ] 2022-01-07 00:02:12.170 AmazonFeaturesPage:218 - ****************************************************
[logs/iOS_a2a6f180af7e6b36828ed95b3fc1de2c10e11e44/2022-01-06 INFO ] 2022-01-07 00:02:12.171 AmazonFeaturesPage:219 - Details of UI Elements on the Amazon Features Page  
[logs/iOS_a2a6f180af7e6b36828ed95b3fc1de2c10e11e44/2022-01-06 INFO ] 2022-01-07 00:02:12.172 AmazonFeaturesPage:220 - ****************************************************
[logs/iOS_a2a6f180af7e6b36828ed95b3fc1de2c10e11e44/2022-01-06 INFO ] 2022-01-07 00:02:15.136 AmazonFeaturesPage:223 - Title Amazon Features is displayed
[logs/iOS_a2a6f180af7e6b36828ed95b3fc1de2c10e11e44/2022-01-06 INFO ] 2022-01-07 00:02:16.590 AmazonFeaturesPage:228 - Back button is displayed
[logs/iOS_a2a6f180af7e6b36828ed95b3fc1de2c10e11e44/2022-01-06 INFO ] 2022-01-07 00:02:18.061 AmazonFeaturesPage:233 - Help icon is displayed
[logs/iOS_a2a6f180af7e6b36828ed95b3fc1de2c10e11e44/2022-01-06 INFO ] 2022-01-07 00:02:19.484 AmazonFeaturesPage:238 - Amazon Surfboard Image is displayed
[logs/iOS_a2a6f180af7e6b36828ed95b3fc1de2c10e11e44/2022-01-06 INFO ] 2022-01-07 00:02:22.227 AmazonFeaturesPage:243 - Enable/Disable Amazon Frustration Free Setup Feature text is displayed
[logs/iOS_a2a6f180af7e6b36828ed95b3fc1de2c10e11e44/2022-01-06 INFO ] 2022-01-07 00:02:24.981 AmazonFeaturesPage:251 - AFFS is disabled
[logs/iOS_a2a6f180af7e6b36828ed95b3fc1de2c10e11e44/2022-01-06 INFO ] 2022-01-07 00:02:27.784 AmazonFeaturesPage:257 -  is displayed
[logs/iOS_a2a6f180af7e6b36828ed95b3fc1de2c10e11e44/2022-01-06 INFO ] 2022-01-07 00:02:30.982 AmazonFeaturesPage:262 -  is displayed
[logs/iOS_a2a6f180af7e6b36828ed95b3fc1de2c10e11e44/2022-01-06 INFO ] 2022-01-07 00:02:33.746 AmazonFeaturesPage:267 - Password label is displayed
[logs/iOS_a2a6f180af7e6b36828ed95b3fc1de2c10e11e44/2022-01-06 INFO ] 2022-01-07 00:02:35.145 AmazonFeaturesPage:272 - Text box to enter password is displayed
[logs/iOS_a2a6f180af7e6b36828ed95b3fc1de2c10e11e44/2022-01-06 INFO ] 2022-01-07 00:02:36.542 AmazonFeaturesPage:277 - Show password icon is displayed
[logs/iOS_a2a6f180af7e6b36828ed95b3fc1de2c10e11e44/2022-01-06 INFO ] 2022-01-07 00:02:38.004 AmazonFeaturesPage:282 - Password copy button is displayed
[logs/iOS_a2a6f180af7e6b36828ed95b3fc1de2c10e11e44/2022-01-06 INFO ] 2022-01-07 00:02:39.483 AmazonFeaturesPage:287 - Alexa Skills link is displayed
[logs/iOS_a2a6f180af7e6b36828ed95b3fc1de2c10e11e44/2022-01-06 INFO ] 2022-01-07 00:02:42.107 ParentClass:430 - video path: videos/iOS_a2a6f180af7e6b36828ed95b3fc1de2c10e11e44/2022-01-06-23-54-41/TC01_Simple_Test/Verify_Amazon_Features_UI_Page.mp4
[logs/iOS_a2a6f180af7e6b36828ed95b3fc1de2c10e11e44/2022-01-06 INFO ] 2022-01-07 00:02:42.595 TC01_Simple_Test:108 - 

****** starting test : Verify_Get_Alexa_Skills_Drop_Down_Box ******

[logs/iOS_a2a6f180af7e6b36828ed95b3fc1de2c10e11e44/2022-01-06 INFO ] 2022-01-07 00:02:46.758 AmazonFeaturesPage:145 - Clicked on Get Alexa Skills Button
[logs/iOS_a2a6f180af7e6b36828ed95b3fc1de2c10e11e44/2022-01-06 INFO ] 2022-01-07 00:02:55.800 AmazonFeaturesPage:156 - Clicked on Get Alexa Skills Button Again
[logs/iOS_a2a6f180af7e6b36828ed95b3fc1de2c10e11e44/2022-01-06 INFO ] 2022-01-07 00:02:56.823 ParentClass:430 - video path: videos/iOS_a2a6f180af7e6b36828ed95b3fc1de2c10e11e44/2022-01-06-23-54-41/TC01_Simple_Test/Verify_Get_Alexa_Skills_Drop_Down_Box.mp4
[logs/iOS_a2a6f180af7e6b36828ed95b3fc1de2c10e11e44/2022-01-06 INFO ] 2022-01-07 00:02:57.272 TC01_Simple_Test:108 - 

****** starting test : Verify_Show_Password_Button ******

[logs/iOS_a2a6f180af7e6b36828ed95b3fc1de2c10e11e44/2022-01-06 INFO ] 2022-01-07 00:03:01.234 AmazonFeaturesPage:166 - Clicked on Show Password Button
[logs/iOS_a2a6f180af7e6b36828ed95b3fc1de2c10e11e44/2022-01-06 INFO ] 2022-01-07 00:03:05.128 AmazonFeaturesPage:176 - Clicked on Show Password Button Again
[logs/iOS_a2a6f180af7e6b36828ed95b3fc1de2c10e11e44/2022-01-06 INFO ] 2022-01-07 00:03:05.652 ParentClass:430 - video path: videos/iOS_a2a6f180af7e6b36828ed95b3fc1de2c10e11e44/2022-01-06-23-54-41/TC01_Simple_Test/Verify_Show_Password_Button.mp4
[logs/iOS_a2a6f180af7e6b36828ed95b3fc1de2c10e11e44/2022-01-06 INFO ] 2022-01-07 00:03:06.048 TC01_Simple_Test:108 - 

****** starting test : Verify_Copy_Password ******

[logs/iOS_a2a6f180af7e6b36828ed95b3fc1de2c10e11e44/2022-01-06 INFO ] 2022-01-07 00:03:10.223 AmazonFeaturesPage:186 - Clicked on Copy Password Button
[logs/iOS_a2a6f180af7e6b36828ed95b3fc1de2c10e11e44/2022-01-06 INFO ] 2022-01-07 00:03:16.651 AmazonFeaturesPage:209 - Clicked on Copy Password Ok button
[logs/iOS_a2a6f180af7e6b36828ed95b3fc1de2c10e11e44/2022-01-06 INFO ] 2022-01-07 00:03:17.179 ParentClass:430 - video path: videos/iOS_a2a6f180af7e6b36828ed95b3fc1de2c10e11e44/2022-01-06-23-54-41/TC01_Simple_Test/Verify_Copy_Password.mp4
[logs/iOS_a2a6f180af7e6b36828ed95b3fc1de2c10e11e44/2022-01-06 INFO ] 2022-01-07 00:03:17.580 TC01_Simple_Test:108 - 

****** starting test : Verify_Amazon_Alexa_Skills_Link ******

[logs/iOS_a2a6f180af7e6b36828ed95b3fc1de2c10e11e44/2022-01-06 INFO ] 2022-01-07 00:03:26.495 AmazonFeaturesPage:302 - Clicked on www.amazon.com/alexaskills link
[logs/iOS_a2a6f180af7e6b36828ed95b3fc1de2c10e11e44/2022-01-06 INFO ] 2022-01-07 00:03:26.512 AmazonFeaturesPage:309 - Switched to WEBVIEW
[logs/iOS_a2a6f180af7e6b36828ed95b3fc1de2c10e11e44/2022-01-06 INFO ] 2022-01-07 00:03:31.933 ParentClass:430 - video path: videos/iOS_a2a6f180af7e6b36828ed95b3fc1de2c10e11e44/2022-01-06-23-54-41/TC01_Simple_Test/Verify_Amazon_Alexa_Skills_Link.mp4
[logs/iOS_a2a6f180af7e6b36828ed95b3fc1de2c10e11e44/2022-01-06 INFO ] 2022-01-07 00:03:32.373 TC01_Simple_Test:108 - 

****** starting test : Verify_Please_Tap_Here_Link ******

[logs/iOS_a2a6f180af7e6b36828ed95b3fc1de2c10e11e44/2022-01-06 INFO ] 2022-01-07 00:03:39.678 AmazonFeaturesPage:344 - Clicked on Please Tap Here Link
[logs/iOS_a2a6f180af7e6b36828ed95b3fc1de2c10e11e44/2022-01-06 INFO ] 2022-01-07 00:03:39.687 AmazonFeaturesPage:351 - Switched to WEBVIEW
[logs/iOS_a2a6f180af7e6b36828ed95b3fc1de2c10e11e44/2022-01-06 INFO ] 2022-01-07 00:03:41.356 AmazonFeaturesPage:373 - Switched to NATIVE_APP View
[logs/iOS_a2a6f180af7e6b36828ed95b3fc1de2c10e11e44/2022-01-06 INFO ] 2022-01-07 00:03:42.654 ParentClass:430 - video path: videos/iOS_a2a6f180af7e6b36828ed95b3fc1de2c10e11e44/2022-01-06-23-54-41/TC01_Simple_Test/Verify_Please_Tap_Here_Link.mp4
[logs/iOS_a2a6f180af7e6b36828ed95b3fc1de2c10e11e44/2022-01-06 INFO ] 2022-01-07 00:03:43.055 TC01_Simple_Test:108 - 

****** starting test : Verify_Enable_AFFS_Feature ******

[logs/iOS_a2a6f180af7e6b36828ed95b3fc1de2c10e11e44/2022-01-06 INFO ] 2022-01-07 00:03:46.413 AmazonFeaturesPage:126 - Amazon Frustration Free Setup Feature is enabled
[logs/iOS_a2a6f180af7e6b36828ed95b3fc1de2c10e11e44/2022-01-06 INFO ] 2022-01-07 00:03:47.789 AmazonWiFiSimpleSetupDialog:98 - On Amazon Wi-Fi Simple Setup dialog
[logs/iOS_a2a6f180af7e6b36828ed95b3fc1de2c10e11e44/2022-01-06 INFO ] 2022-01-07 00:03:52.208 AmazonWiFiSimpleSetupDialog:77 - Clicked on OK Button
[logs/iOS_a2a6f180af7e6b36828ed95b3fc1de2c10e11e44/2022-01-06 INFO ] 2022-01-07 00:03:57.724 AmazonWiFiSimpleSetupDialog:87 - Clicked on OK Button
[logs/iOS_a2a6f180af7e6b36828ed95b3fc1de2c10e11e44/2022-01-06 INFO ] 2022-01-07 00:03:58.613 ParentClass:430 - video path: videos/iOS_a2a6f180af7e6b36828ed95b3fc1de2c10e11e44/2022-01-06-23-54-41/TC01_Simple_Test/Verify_Enable_AFFS_Feature.mp4
[logs/iOS_a2a6f180af7e6b36828ed95b3fc1de2c10e11e44/2022-01-06 INFO ] 2022-01-07 00:03:59.057 TC01_Simple_Test:108 - 

****** starting test : Verify_Amazon_Feature_Help_Page ******

[logs/iOS_a2a6f180af7e6b36828ed95b3fc1de2c10e11e44/2022-01-06 ERROR] 2022-01-07 00:04:04.512 TestListener:39 - org.openqa.selenium.NoSuchElementException: Can't locate an element by this strategy: By.chained({By.xpath: //XCUIElementTypeOther[@name="NavigationBar_Button_Help"]})
	at io.appium.java_client.pagefactory.AppiumElementLocator.findElement(AppiumElementLocator.java:126)
	at io.appium.java_client.pagefactory.interceptors.InterceptorOfASingleElement.intercept(InterceptorOfASingleElement.java:59)
	at io.appium.java_client.ios.IOSElement$$EnhancerByCGLIB$$d311658.isDisplayed(<generated>)
	at com.cs.arris.Pages.AmazonFeaturesPage.clickHelpIcon(AmazonFeaturesPage.java:101)
	at com.cs.arris.Tests.TC01_Simple_Test.Verify_Amazon_Feature_Help_Page(TC01_Simple_Test.java:462)
	at java.base/jdk.internal.reflect.NativeMethodAccessorImpl.invoke0(Native Method)
	at java.base/jdk.internal.reflect.NativeMethodAccessorImpl.invoke(NativeMethodAccessorImpl.java:62)
	at java.base/jdk.internal.reflect.DelegatingMethodAccessorImpl.invoke(DelegatingMethodAccessorImpl.java:43)
	at java.base/java.lang.reflect.Method.invoke(Method.java:566)
	at org.testng.internal.MethodInvocationHelper.invokeMethod(MethodInvocationHelper.java:133)
	at org.testng.internal.TestInvoker.invokeMethod(TestInvoker.java:598)
	at org.testng.internal.TestInvoker.invokeTestMethod(TestInvoker.java:173)
	at org.testng.internal.MethodRunner.runInSequence(MethodRunner.java:46)
	at org.testng.internal.TestInvoker$MethodInvocationAgent.invoke(TestInvoker.java:824)
	at org.testng.internal.TestInvoker.invokeTestMethods(TestInvoker.java:146)
	at org.testng.internal.TestMethodWorker.invokeTestMethods(TestMethodWorker.java:146)
	at org.testng.internal.TestMethodWorker.run(TestMethodWorker.java:128)
	at java.base/java.util.ArrayList.forEach(ArrayList.java:1540)
	at org.testng.TestRunner.privateRun(TestRunner.java:794)
	at org.testng.TestRunner.run(TestRunner.java:596)
	at org.testng.SuiteRunner.runTest(SuiteRunner.java:377)
	at org.testng.SuiteRunner.runSequentially(SuiteRunner.java:371)
	at org.testng.SuiteRunner.privateRun(SuiteRunner.java:332)
	at org.testng.SuiteRunner.run(SuiteRunner.java:276)
	at org.testng.SuiteRunnerWorker.runSuite(SuiteRunnerWorker.java:53)
	at org.testng.SuiteRunnerWorker.run(SuiteRunnerWorker.java:96)
	at org.testng.TestNG.runSuitesSequentially(TestNG.java:1212)
	at org.testng.TestNG.runSuitesLocally(TestNG.java:1134)
	at org.testng.TestNG.runSuites(TestNG.java:1063)
	at org.testng.TestNG.run(TestNG.java:1031)
	at org.apache.maven.surefire.testng.TestNGExecutor.run(TestNGExecutor.java:283)
	at org.apache.maven.surefire.testng.TestNGXmlTestSuite.execute(TestNGXmlTestSuite.java:75)
	at org.apache.maven.surefire.testng.TestNGProvider.invoke(TestNGProvider.java:120)
	at org.apache.maven.surefire.booter.ForkedBooter.invokeProviderInSameClassLoader(ForkedBooter.java:384)
	at org.apache.maven.surefire.booter.ForkedBooter.runSuitesInProcess(ForkedBooter.java:345)
	at org.apache.maven.surefire.booter.ForkedBooter.execute(ForkedBooter.java:126)
	at org.apache.maven.surefire.booter.ForkedBooter.main(ForkedBooter.java:418)
Caused by: org.openqa.selenium.TimeoutException: Expected condition failed: waiting for io.appium.java_client.pagefactory.AppiumElementLocator$WaitingFunction@5611bba (tried for 1 second(s) with 500 milliseconds interval)
	at org.openqa.selenium.support.ui.FluentWait.timeoutException(FluentWait.java:304)
	at org.openqa.selenium.support.ui.FluentWait.until(FluentWait.java:272)
	at io.appium.java_client.pagefactory.AppiumElementLocator.waitFor(AppiumElementLocator.java:99)
	at io.appium.java_client.pagefactory.AppiumElementLocator.findElement(AppiumElementLocator.java:119)
	... 36 more
Caused by: org.openqa.selenium.NoSuchElementException: Cannot locate an element using By.chained({By.xpath: //XCUIElementTypeOther[@name="NavigationBar_Button_Help"]})
For documentation on this error, please visit: https://www.seleniumhq.org/exceptions/no_such_element.html
Build info: version: '3.141.59', revision: 'e82be7d358', time: '2018-11-14T08:17:03'
System info: host: 'techleads-Mac-mini.local', ip: '192.168.0.131', os.name: 'Mac OS X', os.arch: 'x86_64', os.version: '10.16', java.version: '11.0.2'
Driver info: driver.version: IOSDriver
	at io.appium.java_client.pagefactory.bys.builder.ByChained.findElement(ByChained.java:74)
	at org.openqa.selenium.remote.RemoteWebDriver.findElement(RemoteWebDriver.java:315)
	at io.appium.java_client.DefaultGenericMobileDriver.findElement(DefaultGenericMobileDriver.java:57)
	at io.appium.java_client.AppiumDriver.findElement(AppiumDriver.java:1)
	at io.appium.java_client.ios.IOSDriver.findElement(IOSDriver.java:1)
	at io.appium.java_client.pagefactory.bys.ContentMappedBy.findElement(ContentMappedBy.java:50)
	at org.openqa.selenium.remote.RemoteWebDriver.findElement(RemoteWebDriver.java:315)
	at io.appium.java_client.DefaultGenericMobileDriver.findElement(DefaultGenericMobileDriver.java:57)
	at io.appium.java_client.AppiumDriver.findElement(AppiumDriver.java:1)
	at io.appium.java_client.ios.IOSDriver.findElement(IOSDriver.java:1)
	at io.appium.java_client.pagefactory.AppiumElementLocator.lambda$0(AppiumElementLocator.java:120)
	at io.appium.java_client.pagefactory.AppiumElementLocator$WaitingFunction.apply(AppiumElementLocator.java:172)
	at io.appium.java_client.pagefactory.AppiumElementLocator$WaitingFunction.apply(AppiumElementLocator.java:1)
	at org.openqa.selenium.support.ui.FluentWait.until(FluentWait.java:249)
	... 38 more

[logs/iOS_a2a6f180af7e6b36828ed95b3fc1de2c10e11e44/2022-01-06 INFO ] 2022-01-07 00:04:04.860 ParentClass:430 - video path: videos/iOS_a2a6f180af7e6b36828ed95b3fc1de2c10e11e44/2022-01-06-23-54-41/TC01_Simple_Test/Verify_Amazon_Feature_Help_Page.mp4
[logs/iOS_a2a6f180af7e6b36828ed95b3fc1de2c10e11e44/2022-01-06 INFO ] 2022-01-07 00:04:11.691 ParentClass:187 - Closing App
[logs/iOS_a2a6f180af7e6b36828ed95b3fc1de2c10e11e44/2022-01-06 INFO ] 2022-01-07 00:04:11.773 ParentClass:189 - Quitting Driver
