<!DOCTYPE html PUBLIC "-//W3C//DTD XHTML 1.1//EN" "https://www.w3.org/TR/xhtml11/DTD/xhtml11.dtd">
<html xmlns="https://www.w3.org/1999/xhtml">
<head>
<meta http-equiv="content-type" content="text/html; charset=UTF-8"/>
<title>TestNG Report</title>
<style type="text/css">table {margin-bottom:10px;border-collapse:collapse;empty-cells:show}th,td {border:1px solid #009;padding:.25em .5em}th {vertical-align:bottom}td {vertical-align:top}table a {font-weight:bold}.stripe td {background-color: #E6EBF9}.num {text-align:right}.passedodd td {background-color: #3F3}.passedeven td {background-color: #0A0}.skippedodd td {background-color: #DDD}.skippedeven td {background-color: #CCC}.failedodd td,.attn {background-color: #F33}.failedeven td,.stripe .attn {background-color: #D00}.stacktrace {white-space:pre;font-family:monospace}.totop {font-size:85%;text-align:center;border-bottom:2px solid #000}.invisible {display:none}</style>
</head>
<body>
<table>
<tr><th>Test</th><th># Passed</th><th># Skipped</th><th># Retried</th><th># Failed</th><th>Time (ms)</th><th>Included Groups</th><th>Excluded Groups</th></tr>
<tr><th colspan="8">Default suite</th></tr>
<tr><td><a href="#t0">Default test</a></td><td class="num">0</td><td class="num attn">9</td><td class="num">0</td><td class="num">0</td><td class="num">139</td><td></td><td></td></tr>
</table>
<table id='summary'><thead><tr><th>Class</th><th>Method</th><th>Start</th><th>Time (ms)</th></tr></thead><tbody><tr><th colspan="4">Default suite</th></tr></tbody><tbody id="t0"><tr><th colspan="4">Default test &#8212; failed (configuration methods)</th></tr><tr class="failedeven"><td rowspan="1">com.cs.arris.Tests.TC01_Simple_Test</td><td><a href="#m0">beforeSuite</a></td><td rowspan="1">1640281459298</td><td rowspan="1">-1640281459298</td></tr><tr><th colspan="4">Default test &#8212; skipped (configuration methods)</th></tr><tr class="skippedeven"><td rowspan="7">com.cs.arris.Tests.TC01_Simple_Test</td><td><a href="#m1">afterMethod</a></td><td rowspan="1">1640281459384</td><td rowspan="1">-1640281459384</td></tr><tr class="skippedeven"><td><a href="#m2">afterSuite</a></td><td rowspan="1">1640281464614</td><td rowspan="1">-1640281464614</td></tr><tr class="skippedeven"><td><a href="#m3">afterTest</a></td><td rowspan="1">1640281459458</td><td rowspan="1">-1640281459458</td></tr><tr class="skippedeven"><td><a href="#m4">beforeClass</a></td><td rowspan="1">1640281459358</td><td rowspan="1">-1640281459358</td></tr><tr class="skippedeven"><td><a href="#m5">beforeMethod</a></td><td rowspan="2">1640281459371</td><td rowspan="2">-1640281459371</td></tr><tr class="skippedeven"><td><a href="#m6">beforeMethod</a></td></tr><tr class="skippedeven"><td><a href="#m7">beforeTest</a></td><td rowspan="1">1640281459322</td><td rowspan="1">-1640281459322</td></tr><tr><th colspan="4">Default test &#8212; skipped</th></tr><tr class="skippedeven"><td rowspan="9">com.cs.arris.Tests.TC01_Simple_Test</td><td><a href="#m8">Login_And_Onboard</a></td><td rowspan="1">1640281459374</td><td rowspan="1">0</td></tr><tr class="skippedeven"><td><a href="#m9">Verify_Home_Currently_Blocked_Devices_Navigation</a></td><td rowspan="1">1640281459418</td><td rowspan="1">0</td></tr><tr class="skippedeven"><td><a href="#m10">Verify_Home_Device_Signal_Strength_Navigation</a></td><td rowspan="1">1640281459402</td><td rowspan="1">0</td></tr><tr class="skippedeven"><td><a href="#m11">Verify_Home_Hamburger_Navigation</a></td><td rowspan="1">1640281459439</td><td rowspan="1">0</td></tr><tr class="skippedeven"><td><a href="#m12">Verify_Home_Main_Devices_Navigation</a></td><td rowspan="1">1640281459424</td><td rowspan="1">0</td></tr><tr class="skippedeven"><td><a href="#m13">Verify_Home_Notifications_Navigation</a></td><td rowspan="1">1640281459446</td><td rowspan="1">0</td></tr><tr class="skippedeven"><td><a href="#m14">Verify_Home_Speed_Test_History_Navigation</a></td><td rowspan="1">1640281459405</td><td rowspan="1">0</td></tr><tr class="skippedeven"><td><a href="#m15">Verify_Home_Total_Devices_Navigation</a></td><td rowspan="1">1640281459428</td><td rowspan="1">0</td></tr><tr class="skippedeven"><td><a href="#m16">Verify_Home_UI_Page</a></td><td rowspan="1">1640281459388</td><td rowspan="1">0</td></tr></tbody>
</table>
<h2>Default test</h2><h3 id="m0">com.cs.arris.Tests.TC01_Simple_Test#beforeSuite</h3><table class="result"><tr><th>Exception</th></tr><tr><td><div class="stacktrace">org.testng.TestNGException: 
Parameter &apos;platform&apos; is required by BeforeSuite on method beforeSuite but has not been marked @Optional or defined
in /private/var/folders/0n/gztfs3315sqflgmf8691xcwr0000gp/T/testng-eclipse--1072445143/testng-customsuite.xml
	at org.testng.internal.Parameters.createParams(Parameters.java:270)
	at org.testng.internal.Parameters.createParametersForMethod(Parameters.java:358)
	at org.testng.internal.Parameters.createParameters(Parameters.java:700)
	at org.testng.internal.Parameters.createConfigurationParameters(Parameters.java:168)
	at org.testng.internal.ConfigInvoker.invokeConfigurations(ConfigInvoker.java:302)
	at org.testng.SuiteRunner.privateRun(SuiteRunner.java:317)
	at org.testng.SuiteRunner.run(SuiteRunner.java:276)
	at org.testng.SuiteRunnerWorker.runSuite(SuiteRunnerWorker.java:53)
	at org.testng.SuiteRunnerWorker.run(SuiteRunnerWorker.java:96)
	at org.testng.TestNG.runSuitesSequentially(TestNG.java:1212)
	at org.testng.TestNG.runSuitesLocally(TestNG.java:1134)
	at org.testng.TestNG.runSuites(TestNG.java:1063)
	at org.testng.TestNG.run(TestNG.java:1031)
	at org.testng.remote.AbstractRemoteTestNG.run(AbstractRemoteTestNG.java:115)
	at org.testng.remote.RemoteTestNG.initAndRun(RemoteTestNG.java:251)
	at org.testng.remote.RemoteTestNG.main(RemoteTestNG.java:77)
</div></td></tr></table><p class="totop"><a href="#summary">back to summary</a></p>
<h3 id="m1">com.cs.arris.Tests.TC01_Simple_Test#afterMethod</h3><table class="result"><tr><th class="invisible"/></tr></table><p class="totop"><a href="#summary">back to summary</a></p>
<h3 id="m2">com.cs.arris.Tests.TC01_Simple_Test#afterSuite</h3><table class="result"><tr><th class="invisible"/></tr></table><p class="totop"><a href="#summary">back to summary</a></p>
<h3 id="m3">com.cs.arris.Tests.TC01_Simple_Test#afterTest</h3><table class="result"><tr><th class="invisible"/></tr></table><p class="totop"><a href="#summary">back to summary</a></p>
<h3 id="m4">com.cs.arris.Tests.TC01_Simple_Test#beforeClass</h3><table class="result"><tr><th class="invisible"/></tr></table><p class="totop"><a href="#summary">back to summary</a></p>
<h3 id="m5">com.cs.arris.Tests.TC01_Simple_Test#beforeMethod</h3><table class="result"><tr><th class="invisible"/></tr></table><p class="totop"><a href="#summary">back to summary</a></p>
<h3 id="m6">com.cs.arris.Tests.TC01_Simple_Test#beforeMethod</h3><table class="result"><tr><th class="invisible"/></tr></table><p class="totop"><a href="#summary">back to summary</a></p>
<h3 id="m7">com.cs.arris.Tests.TC01_Simple_Test#beforeTest</h3><table class="result"><tr><th class="invisible"/></tr></table><p class="totop"><a href="#summary">back to summary</a></p>
<h3 id="m8">com.cs.arris.Tests.TC01_Simple_Test#Login_And_Onboard</h3><table class="result"><tr><th>Exception</th></tr><tr><td><div class="stacktrace">org.testng.TestNGException: 
Parameter &apos;platform&apos; is required by BeforeSuite on method beforeSuite but has not been marked @Optional or defined
in /private/var/folders/0n/gztfs3315sqflgmf8691xcwr0000gp/T/testng-eclipse--1072445143/testng-customsuite.xml
	at org.testng.internal.Parameters.createParams(Parameters.java:270)
	at org.testng.internal.Parameters.createParametersForMethod(Parameters.java:358)
	at org.testng.internal.Parameters.createParameters(Parameters.java:700)
	at org.testng.internal.Parameters.createConfigurationParameters(Parameters.java:168)
	at org.testng.internal.ConfigInvoker.invokeConfigurations(ConfigInvoker.java:302)
	at org.testng.SuiteRunner.privateRun(SuiteRunner.java:317)
	at org.testng.SuiteRunner.run(SuiteRunner.java:276)
	at org.testng.SuiteRunnerWorker.runSuite(SuiteRunnerWorker.java:53)
	at org.testng.SuiteRunnerWorker.run(SuiteRunnerWorker.java:96)
	at org.testng.TestNG.runSuitesSequentially(TestNG.java:1212)
	at org.testng.TestNG.runSuitesLocally(TestNG.java:1134)
	at org.testng.TestNG.runSuites(TestNG.java:1063)
	at org.testng.TestNG.run(TestNG.java:1031)
	at org.testng.remote.AbstractRemoteTestNG.run(AbstractRemoteTestNG.java:115)
	at org.testng.remote.RemoteTestNG.initAndRun(RemoteTestNG.java:251)
	at org.testng.remote.RemoteTestNG.main(RemoteTestNG.java:77)
</div></td></tr></table><p class="totop"><a href="#summary">back to summary</a></p>
<h3 id="m9">com.cs.arris.Tests.TC01_Simple_Test#Verify_Home_Currently_Blocked_Devices_Navigation</h3><table class="result"><tr><th>Exception</th></tr><tr><td><div class="stacktrace">java.lang.Throwable: Method TC01_Simple_Test.Verify_Home_Currently_Blocked_Devices_Navigation()[pri:5, instance:com.cs.arris.Tests.TC01_Simple_Test@9cb8225] depends on not successfully finished methods
	at org.testng.internal.TestInvoker.invokeTestMethods(TestInvoker.java:102)
	at org.testng.internal.TestMethodWorker.invokeTestMethods(TestMethodWorker.java:146)
	at org.testng.internal.TestMethodWorker.run(TestMethodWorker.java:128)
	at java.base/java.util.ArrayList.forEach(ArrayList.java:1540)
	at org.testng.TestRunner.privateRun(TestRunner.java:794)
	at org.testng.TestRunner.run(TestRunner.java:596)
	at org.testng.SuiteRunner.runTest(SuiteRunner.java:377)
	at org.testng.SuiteRunner.runSequentially(SuiteRunner.java:371)
	at org.testng.SuiteRunner.privateRun(SuiteRunner.java:332)
	at org.testng.SuiteRunner.run(SuiteRunner.java:276)
	at org.testng.SuiteRunnerWorker.runSuite(SuiteRunnerWorker.java:53)
	at org.testng.SuiteRunnerWorker.run(SuiteRunnerWorker.java:96)
	at org.testng.TestNG.runSuitesSequentially(TestNG.java:1212)
	at org.testng.TestNG.runSuitesLocally(TestNG.java:1134)
	at org.testng.TestNG.runSuites(TestNG.java:1063)
	at org.testng.TestNG.run(TestNG.java:1031)
	at org.testng.remote.AbstractRemoteTestNG.run(AbstractRemoteTestNG.java:115)
	at org.testng.remote.RemoteTestNG.initAndRun(RemoteTestNG.java:251)
	at org.testng.remote.RemoteTestNG.main(RemoteTestNG.java:77)
</div></td></tr></table><p class="totop"><a href="#summary">back to summary</a></p>
<h3 id="m10">com.cs.arris.Tests.TC01_Simple_Test#Verify_Home_Device_Signal_Strength_Navigation</h3><table class="result"><tr><th>Exception</th></tr><tr><td><div class="stacktrace">java.lang.Throwable: Method TC01_Simple_Test.Verify_Home_Device_Signal_Strength_Navigation()[pri:3, instance:com.cs.arris.Tests.TC01_Simple_Test@9cb8225] depends on not successfully finished methods
	at org.testng.internal.TestInvoker.invokeTestMethods(TestInvoker.java:102)
	at org.testng.internal.TestMethodWorker.invokeTestMethods(TestMethodWorker.java:146)
	at org.testng.internal.TestMethodWorker.run(TestMethodWorker.java:128)
	at java.base/java.util.ArrayList.forEach(ArrayList.java:1540)
	at org.testng.TestRunner.privateRun(TestRunner.java:794)
	at org.testng.TestRunner.run(TestRunner.java:596)
	at org.testng.SuiteRunner.runTest(SuiteRunner.java:377)
	at org.testng.SuiteRunner.runSequentially(SuiteRunner.java:371)
	at org.testng.SuiteRunner.privateRun(SuiteRunner.java:332)
	at org.testng.SuiteRunner.run(SuiteRunner.java:276)
	at org.testng.SuiteRunnerWorker.runSuite(SuiteRunnerWorker.java:53)
	at org.testng.SuiteRunnerWorker.run(SuiteRunnerWorker.java:96)
	at org.testng.TestNG.runSuitesSequentially(TestNG.java:1212)
	at org.testng.TestNG.runSuitesLocally(TestNG.java:1134)
	at org.testng.TestNG.runSuites(TestNG.java:1063)
	at org.testng.TestNG.run(TestNG.java:1031)
	at org.testng.remote.AbstractRemoteTestNG.run(AbstractRemoteTestNG.java:115)
	at org.testng.remote.RemoteTestNG.initAndRun(RemoteTestNG.java:251)
	at org.testng.remote.RemoteTestNG.main(RemoteTestNG.java:77)
</div></td></tr></table><p class="totop"><a href="#summary">back to summary</a></p>
<h3 id="m11">com.cs.arris.Tests.TC01_Simple_Test#Verify_Home_Hamburger_Navigation</h3><table class="result"><tr><th>Exception</th></tr><tr><td><div class="stacktrace">java.lang.Throwable: Method TC01_Simple_Test.Verify_Home_Hamburger_Navigation()[pri:8, instance:com.cs.arris.Tests.TC01_Simple_Test@9cb8225] depends on not successfully finished methods
	at org.testng.internal.TestInvoker.invokeTestMethods(TestInvoker.java:102)
	at org.testng.internal.TestMethodWorker.invokeTestMethods(TestMethodWorker.java:146)
	at org.testng.internal.TestMethodWorker.run(TestMethodWorker.java:128)
	at java.base/java.util.ArrayList.forEach(ArrayList.java:1540)
	at org.testng.TestRunner.privateRun(TestRunner.java:794)
	at org.testng.TestRunner.run(TestRunner.java:596)
	at org.testng.SuiteRunner.runTest(SuiteRunner.java:377)
	at org.testng.SuiteRunner.runSequentially(SuiteRunner.java:371)
	at org.testng.SuiteRunner.privateRun(SuiteRunner.java:332)
	at org.testng.SuiteRunner.run(SuiteRunner.java:276)
	at org.testng.SuiteRunnerWorker.runSuite(SuiteRunnerWorker.java:53)
	at org.testng.SuiteRunnerWorker.run(SuiteRunnerWorker.java:96)
	at org.testng.TestNG.runSuitesSequentially(TestNG.java:1212)
	at org.testng.TestNG.runSuitesLocally(TestNG.java:1134)
	at org.testng.TestNG.runSuites(TestNG.java:1063)
	at org.testng.TestNG.run(TestNG.java:1031)
	at org.testng.remote.AbstractRemoteTestNG.run(AbstractRemoteTestNG.java:115)
	at org.testng.remote.RemoteTestNG.initAndRun(RemoteTestNG.java:251)
	at org.testng.remote.RemoteTestNG.main(RemoteTestNG.java:77)
</div></td></tr></table><p class="totop"><a href="#summary">back to summary</a></p>
<h3 id="m12">com.cs.arris.Tests.TC01_Simple_Test#Verify_Home_Main_Devices_Navigation</h3><table class="result"><tr><th>Exception</th></tr><tr><td><div class="stacktrace">java.lang.Throwable: Method TC01_Simple_Test.Verify_Home_Main_Devices_Navigation()[pri:6, instance:com.cs.arris.Tests.TC01_Simple_Test@9cb8225] depends on not successfully finished methods
	at org.testng.internal.TestInvoker.invokeTestMethods(TestInvoker.java:102)
	at org.testng.internal.TestMethodWorker.invokeTestMethods(TestMethodWorker.java:146)
	at org.testng.internal.TestMethodWorker.run(TestMethodWorker.java:128)
	at java.base/java.util.ArrayList.forEach(ArrayList.java:1540)
	at org.testng.TestRunner.privateRun(TestRunner.java:794)
	at org.testng.TestRunner.run(TestRunner.java:596)
	at org.testng.SuiteRunner.runTest(SuiteRunner.java:377)
	at org.testng.SuiteRunner.runSequentially(SuiteRunner.java:371)
	at org.testng.SuiteRunner.privateRun(SuiteRunner.java:332)
	at org.testng.SuiteRunner.run(SuiteRunner.java:276)
	at org.testng.SuiteRunnerWorker.runSuite(SuiteRunnerWorker.java:53)
	at org.testng.SuiteRunnerWorker.run(SuiteRunnerWorker.java:96)
	at org.testng.TestNG.runSuitesSequentially(TestNG.java:1212)
	at org.testng.TestNG.runSuitesLocally(TestNG.java:1134)
	at org.testng.TestNG.runSuites(TestNG.java:1063)
	at org.testng.TestNG.run(TestNG.java:1031)
	at org.testng.remote.AbstractRemoteTestNG.run(AbstractRemoteTestNG.java:115)
	at org.testng.remote.RemoteTestNG.initAndRun(RemoteTestNG.java:251)
	at org.testng.remote.RemoteTestNG.main(RemoteTestNG.java:77)
</div></td></tr></table><p class="totop"><a href="#summary">back to summary</a></p>
<h3 id="m13">com.cs.arris.Tests.TC01_Simple_Test#Verify_Home_Notifications_Navigation</h3><table class="result"><tr><th>Exception</th></tr><tr><td><div class="stacktrace">java.lang.Throwable: Method TC01_Simple_Test.Verify_Home_Notifications_Navigation()[pri:9, instance:com.cs.arris.Tests.TC01_Simple_Test@9cb8225] depends on not successfully finished methods
	at org.testng.internal.TestInvoker.invokeTestMethods(TestInvoker.java:102)
	at org.testng.internal.TestMethodWorker.invokeTestMethods(TestMethodWorker.java:146)
	at org.testng.internal.TestMethodWorker.run(TestMethodWorker.java:128)
	at java.base/java.util.ArrayList.forEach(ArrayList.java:1540)
	at org.testng.TestRunner.privateRun(TestRunner.java:794)
	at org.testng.TestRunner.run(TestRunner.java:596)
	at org.testng.SuiteRunner.runTest(SuiteRunner.java:377)
	at org.testng.SuiteRunner.runSequentially(SuiteRunner.java:371)
	at org.testng.SuiteRunner.privateRun(SuiteRunner.java:332)
	at org.testng.SuiteRunner.run(SuiteRunner.java:276)
	at org.testng.SuiteRunnerWorker.runSuite(SuiteRunnerWorker.java:53)
	at org.testng.SuiteRunnerWorker.run(SuiteRunnerWorker.java:96)
	at org.testng.TestNG.runSuitesSequentially(TestNG.java:1212)
	at org.testng.TestNG.runSuitesLocally(TestNG.java:1134)
	at org.testng.TestNG.runSuites(TestNG.java:1063)
	at org.testng.TestNG.run(TestNG.java:1031)
	at org.testng.remote.AbstractRemoteTestNG.run(AbstractRemoteTestNG.java:115)
	at org.testng.remote.RemoteTestNG.initAndRun(RemoteTestNG.java:251)
	at org.testng.remote.RemoteTestNG.main(RemoteTestNG.java:77)
</div></td></tr></table><p class="totop"><a href="#summary">back to summary</a></p>
<h3 id="m14">com.cs.arris.Tests.TC01_Simple_Test#Verify_Home_Speed_Test_History_Navigation</h3><table class="result"><tr><th>Exception</th></tr><tr><td><div class="stacktrace">java.lang.Throwable: Method TC01_Simple_Test.Verify_Home_Speed_Test_History_Navigation()[pri:4, instance:com.cs.arris.Tests.TC01_Simple_Test@9cb8225] depends on not successfully finished methods
	at org.testng.internal.TestInvoker.invokeTestMethods(TestInvoker.java:102)
	at org.testng.internal.TestMethodWorker.invokeTestMethods(TestMethodWorker.java:146)
	at org.testng.internal.TestMethodWorker.run(TestMethodWorker.java:128)
	at java.base/java.util.ArrayList.forEach(ArrayList.java:1540)
	at org.testng.TestRunner.privateRun(TestRunner.java:794)
	at org.testng.TestRunner.run(TestRunner.java:596)
	at org.testng.SuiteRunner.runTest(SuiteRunner.java:377)
	at org.testng.SuiteRunner.runSequentially(SuiteRunner.java:371)
	at org.testng.SuiteRunner.privateRun(SuiteRunner.java:332)
	at org.testng.SuiteRunner.run(SuiteRunner.java:276)
	at org.testng.SuiteRunnerWorker.runSuite(SuiteRunnerWorker.java:53)
	at org.testng.SuiteRunnerWorker.run(SuiteRunnerWorker.java:96)
	at org.testng.TestNG.runSuitesSequentially(TestNG.java:1212)
	at org.testng.TestNG.runSuitesLocally(TestNG.java:1134)
	at org.testng.TestNG.runSuites(TestNG.java:1063)
	at org.testng.TestNG.run(TestNG.java:1031)
	at org.testng.remote.AbstractRemoteTestNG.run(AbstractRemoteTestNG.java:115)
	at org.testng.remote.RemoteTestNG.initAndRun(RemoteTestNG.java:251)
	at org.testng.remote.RemoteTestNG.main(RemoteTestNG.java:77)
</div></td></tr></table><p class="totop"><a href="#summary">back to summary</a></p>
<h3 id="m15">com.cs.arris.Tests.TC01_Simple_Test#Verify_Home_Total_Devices_Navigation</h3><table class="result"><tr><th>Exception</th></tr><tr><td><div class="stacktrace">java.lang.Throwable: Method TC01_Simple_Test.Verify_Home_Total_Devices_Navigation()[pri:7, instance:com.cs.arris.Tests.TC01_Simple_Test@9cb8225] depends on not successfully finished methods
	at org.testng.internal.TestInvoker.invokeTestMethods(TestInvoker.java:102)
	at org.testng.internal.TestMethodWorker.invokeTestMethods(TestMethodWorker.java:146)
	at org.testng.internal.TestMethodWorker.run(TestMethodWorker.java:128)
	at java.base/java.util.ArrayList.forEach(ArrayList.java:1540)
	at org.testng.TestRunner.privateRun(TestRunner.java:794)
	at org.testng.TestRunner.run(TestRunner.java:596)
	at org.testng.SuiteRunner.runTest(SuiteRunner.java:377)
	at org.testng.SuiteRunner.runSequentially(SuiteRunner.java:371)
	at org.testng.SuiteRunner.privateRun(SuiteRunner.java:332)
	at org.testng.SuiteRunner.run(SuiteRunner.java:276)
	at org.testng.SuiteRunnerWorker.runSuite(SuiteRunnerWorker.java:53)
	at org.testng.SuiteRunnerWorker.run(SuiteRunnerWorker.java:96)
	at org.testng.TestNG.runSuitesSequentially(TestNG.java:1212)
	at org.testng.TestNG.runSuitesLocally(TestNG.java:1134)
	at org.testng.TestNG.runSuites(TestNG.java:1063)
	at org.testng.TestNG.run(TestNG.java:1031)
	at org.testng.remote.AbstractRemoteTestNG.run(AbstractRemoteTestNG.java:115)
	at org.testng.remote.RemoteTestNG.initAndRun(RemoteTestNG.java:251)
	at org.testng.remote.RemoteTestNG.main(RemoteTestNG.java:77)
</div></td></tr></table><p class="totop"><a href="#summary">back to summary</a></p>
<h3 id="m16">com.cs.arris.Tests.TC01_Simple_Test#Verify_Home_UI_Page</h3><table class="result"><tr><th>Exception</th></tr><tr><td><div class="stacktrace">java.lang.Throwable: Method TC01_Simple_Test.Verify_Home_UI_Page()[pri:2, instance:com.cs.arris.Tests.TC01_Simple_Test@9cb8225] depends on not successfully finished methods
	at org.testng.internal.TestInvoker.invokeTestMethods(TestInvoker.java:102)
	at org.testng.internal.TestMethodWorker.invokeTestMethods(TestMethodWorker.java:146)
	at org.testng.internal.TestMethodWorker.run(TestMethodWorker.java:128)
	at java.base/java.util.ArrayList.forEach(ArrayList.java:1540)
	at org.testng.TestRunner.privateRun(TestRunner.java:794)
	at org.testng.TestRunner.run(TestRunner.java:596)
	at org.testng.SuiteRunner.runTest(SuiteRunner.java:377)
	at org.testng.SuiteRunner.runSequentially(SuiteRunner.java:371)
	at org.testng.SuiteRunner.privateRun(SuiteRunner.java:332)
	at org.testng.SuiteRunner.run(SuiteRunner.java:276)
	at org.testng.SuiteRunnerWorker.runSuite(SuiteRunnerWorker.java:53)
	at org.testng.SuiteRunnerWorker.run(SuiteRunnerWorker.java:96)
	at org.testng.TestNG.runSuitesSequentially(TestNG.java:1212)
	at org.testng.TestNG.runSuitesLocally(TestNG.java:1134)
	at org.testng.TestNG.runSuites(TestNG.java:1063)
	at org.testng.TestNG.run(TestNG.java:1031)
	at org.testng.remote.AbstractRemoteTestNG.run(AbstractRemoteTestNG.java:115)
	at org.testng.remote.RemoteTestNG.initAndRun(RemoteTestNG.java:251)
	at org.testng.remote.RemoteTestNG.main(RemoteTestNG.java:77)
</div></td></tr></table><p class="totop"><a href="#summary">back to summary</a></p>
</body>
</html>
