<?xml version="1.0" encoding="UTF-8"?>
<testng-results ignored="68" total="71" passed="0" failed="0" skipped="3">
  <reporter-output>
  </reporter-output>
  <suite started-at="2022-01-17T08:13:33 IST" name="Default suite" finished-at="2022-01-17T08:13:33 IST" duration-ms="88">
    <groups>
    </groups>
    <test started-at="2022-01-17T08:13:33 IST" name="Default test" finished-at="2022-01-17T08:13:33 IST" duration-ms="88">
      <class name="com.cs.arris.Tests.TC03_Complex_Test">
        <test-method is-config="true" signature="beforeSuite(java.lang.String,java.lang.String)[pri:0, instance:com.cs.arris.Tests.TC03_Complex_Test@2f666ebb]" started-at="2022-01-17T08:13:33 IST" name="beforeSuite" finished-at="1970-01-01T05:30:00 IST" duration-ms="-1642387413093" status="FAIL">
          <exception class="org.testng.TestNGException">
            <message>
              <![CDATA[
Parameter 'platform' is required by BeforeSuite on method beforeSuite but has not been marked @Optional or defined
in /private/var/folders/0n/gztfs3315sqflgmf8691xcwr0000gp/T/testng-eclipse--1514880679/testng-customsuite.xml]]>
            </message>
            <full-stacktrace>
              <![CDATA[org.testng.TestNGException: 
Parameter 'platform' is required by BeforeSuite on method beforeSuite but has not been marked @Optional or defined
in /private/var/folders/0n/gztfs3315sqflgmf8691xcwr0000gp/T/testng-eclipse--1514880679/testng-customsuite.xml
at org.testng.internal.Parameters.createParams(Parameters.java:270)
at org.testng.internal.Parameters.createParametersForMethod(Parameters.java:358)
at org.testng.internal.Parameters.createParameters(Parameters.java:700)
at org.testng.internal.Parameters.createConfigurationParameters(Parameters.java:168)
at org.testng.internal.ConfigInvoker.invokeConfigurations(ConfigInvoker.java:302)
at org.testng.SuiteRunner.privateRun(SuiteRunner.java:317)
at org.testng.SuiteRunner.run(SuiteRunner.java:276)
at org.testng.SuiteRunnerWorker.runSuite(SuiteRunnerWorker.java:53)
at org.testng.SuiteRunnerWorker.run(SuiteRunnerWorker.java:96)
at org.testng.TestNG.runSuitesSequentially(TestNG.java:1212)
at org.testng.TestNG.runSuitesLocally(TestNG.java:1134)
at org.testng.TestNG.runSuites(TestNG.java:1063)
at org.testng.TestNG.run(TestNG.java:1031)
at org.testng.remote.AbstractRemoteTestNG.run(AbstractRemoteTestNG.java:115)
at org.testng.remote.RemoteTestNG.initAndRun(RemoteTestNG.java:251)
at org.testng.remote.RemoteTestNG.main(RemoteTestNG.java:77)
]]>
            </full-stacktrace>
          </exception> <!-- org.testng.TestNGException -->
          <reporter-output>
          </reporter-output>
        </test-method> <!-- beforeSuite -->
        <test-method is-config="true" signature="beforeTest()[pri:0, instance:com.cs.arris.Tests.TC03_Complex_Test@2f666ebb]" started-at="2022-01-17T08:13:33 IST" name="beforeTest" finished-at="1970-01-01T05:30:00 IST" duration-ms="-1642387413113" status="SKIP">
          <reporter-output>
          </reporter-output>
        </test-method> <!-- beforeTest -->
        <test-method is-config="true" signature="beforeClass()[pri:0, instance:com.cs.arris.Tests.TC03_Complex_Test@2f666ebb]" started-at="2022-01-17T08:13:33 IST" name="beforeClass" finished-at="1970-01-01T05:30:00 IST" duration-ms="-1642387413142" status="SKIP">
          <reporter-output>
          </reporter-output>
        </test-method> <!-- beforeClass -->
        <test-method is-config="true" signature="beforeMethod()[pri:0, instance:com.cs.arris.Tests.TC03_Complex_Test@2f666ebb]" started-at="2022-01-17T08:13:33 IST" name="beforeMethod" finished-at="1970-01-01T05:30:00 IST" duration-ms="-1642387413154" status="SKIP">
          <reporter-output>
          </reporter-output>
        </test-method> <!-- beforeMethod -->
        <test-method is-config="true" signature="beforeMethod(java.lang.reflect.Method)[pri:0, instance:com.cs.arris.Tests.TC03_Complex_Test@2f666ebb]" started-at="2022-01-17T08:13:33 IST" name="beforeMethod" finished-at="1970-01-01T05:30:00 IST" duration-ms="-1642387413156" status="SKIP">
          <reporter-output>
          </reporter-output>
        </test-method> <!-- beforeMethod -->
        <test-method signature="Login_And_Onboard()[pri:1, instance:com.cs.arris.Tests.TC03_Complex_Test@2f666ebb]" started-at="2022-01-17T08:13:33 IST" name="Login_And_Onboard" finished-at="2022-01-17T08:13:33 IST" duration-ms="0" status="SKIP">
          <exception class="org.testng.TestNGException">
            <message>
              <![CDATA[
Parameter 'platform' is required by BeforeSuite on method beforeSuite but has not been marked @Optional or defined
in /private/var/folders/0n/gztfs3315sqflgmf8691xcwr0000gp/T/testng-eclipse--1514880679/testng-customsuite.xml]]>
            </message>
            <full-stacktrace>
              <![CDATA[org.testng.TestNGException: 
Parameter 'platform' is required by BeforeSuite on method beforeSuite but has not been marked @Optional or defined
in /private/var/folders/0n/gztfs3315sqflgmf8691xcwr0000gp/T/testng-eclipse--1514880679/testng-customsuite.xml
at org.testng.internal.Parameters.createParams(Parameters.java:270)
at org.testng.internal.Parameters.createParametersForMethod(Parameters.java:358)
at org.testng.internal.Parameters.createParameters(Parameters.java:700)
at org.testng.internal.Parameters.createConfigurationParameters(Parameters.java:168)
at org.testng.internal.ConfigInvoker.invokeConfigurations(ConfigInvoker.java:302)
at org.testng.SuiteRunner.privateRun(SuiteRunner.java:317)
at org.testng.SuiteRunner.run(SuiteRunner.java:276)
at org.testng.SuiteRunnerWorker.runSuite(SuiteRunnerWorker.java:53)
at org.testng.SuiteRunnerWorker.run(SuiteRunnerWorker.java:96)
at org.testng.TestNG.runSuitesSequentially(TestNG.java:1212)
at org.testng.TestNG.runSuitesLocally(TestNG.java:1134)
at org.testng.TestNG.runSuites(TestNG.java:1063)
at org.testng.TestNG.run(TestNG.java:1031)
at org.testng.remote.AbstractRemoteTestNG.run(AbstractRemoteTestNG.java:115)
at org.testng.remote.RemoteTestNG.initAndRun(RemoteTestNG.java:251)
at org.testng.remote.RemoteTestNG.main(RemoteTestNG.java:77)
]]>
            </full-stacktrace>
          </exception> <!-- org.testng.TestNGException -->
          <reporter-output>
          </reporter-output>
        </test-method> <!-- Login_And_Onboard -->
        <test-method is-config="true" signature="afterMethod(org.testng.ITestResult)[pri:0, instance:com.cs.arris.Tests.TC03_Complex_Test@2f666ebb]" started-at="2022-01-17T08:13:33 IST" name="afterMethod" finished-at="1970-01-01T05:30:00 IST" duration-ms="-1642387413166" status="SKIP">
          <reporter-output>
          </reporter-output>
        </test-method> <!-- afterMethod -->
        <test-method signature="Verify_Network_UI_Page()[pri:27, instance:com.cs.arris.Tests.TC03_Complex_Test@2f666ebb]" started-at="2022-01-17T08:13:33 IST" name="Verify_Network_UI_Page" finished-at="2022-01-17T08:13:33 IST" depends-on-methods="com.cs.arris.Tests.TC03_Complex_Test.Login_And_Onboard" duration-ms="0" status="SKIP">
          <exception class="java.lang.Throwable">
            <message>
              <![CDATA[Method TC03_Complex_Test.Verify_Network_UI_Page()[pri:27, instance:com.cs.arris.Tests.TC03_Complex_Test@2f666ebb] depends on not successfully finished methods]]>
            </message>
            <full-stacktrace>
              <![CDATA[java.lang.Throwable: Method TC03_Complex_Test.Verify_Network_UI_Page()[pri:27, instance:com.cs.arris.Tests.TC03_Complex_Test@2f666ebb] depends on not successfully finished methods
at org.testng.internal.TestInvoker.invokeTestMethods(TestInvoker.java:102)
at org.testng.internal.TestMethodWorker.invokeTestMethods(TestMethodWorker.java:146)
at org.testng.internal.TestMethodWorker.run(TestMethodWorker.java:128)
at java.base/java.util.ArrayList.forEach(ArrayList.java:1540)
at org.testng.TestRunner.privateRun(TestRunner.java:794)
at org.testng.TestRunner.run(TestRunner.java:596)
at org.testng.SuiteRunner.runTest(SuiteRunner.java:377)
at org.testng.SuiteRunner.runSequentially(SuiteRunner.java:371)
at org.testng.SuiteRunner.privateRun(SuiteRunner.java:332)
at org.testng.SuiteRunner.run(SuiteRunner.java:276)
at org.testng.SuiteRunnerWorker.runSuite(SuiteRunnerWorker.java:53)
at org.testng.SuiteRunnerWorker.run(SuiteRunnerWorker.java:96)
at org.testng.TestNG.runSuitesSequentially(TestNG.java:1212)
at org.testng.TestNG.runSuitesLocally(TestNG.java:1134)
at org.testng.TestNG.runSuites(TestNG.java:1063)
at org.testng.TestNG.run(TestNG.java:1031)
at org.testng.remote.AbstractRemoteTestNG.run(AbstractRemoteTestNG.java:115)
at org.testng.remote.RemoteTestNG.initAndRun(RemoteTestNG.java:251)
at org.testng.remote.RemoteTestNG.main(RemoteTestNG.java:77)
]]>
            </full-stacktrace>
          </exception> <!-- java.lang.Throwable -->
          <reporter-output>
          </reporter-output>
        </test-method> <!-- Verify_Network_UI_Page -->
        <test-method signature="Verify_WAN_Settings_UI_Page()[pri:30, instance:com.cs.arris.Tests.TC03_Complex_Test@2f666ebb]" started-at="2022-01-17T08:13:33 IST" name="Verify_WAN_Settings_UI_Page" finished-at="2022-01-17T08:13:33 IST" depends-on-methods="com.cs.arris.Tests.TC03_Complex_Test.Login_And_Onboard, com.cs.arris.Tests.TC03_Complex_Test.Verify_Network_UI_Page" duration-ms="0" status="SKIP">
          <exception class="java.lang.Throwable">
            <message>
              <![CDATA[Method TC03_Complex_Test.Verify_WAN_Settings_UI_Page()[pri:30, instance:com.cs.arris.Tests.TC03_Complex_Test@2f666ebb] depends on not successfully finished methods]]>
            </message>
            <full-stacktrace>
              <![CDATA[java.lang.Throwable: Method TC03_Complex_Test.Verify_WAN_Settings_UI_Page()[pri:30, instance:com.cs.arris.Tests.TC03_Complex_Test@2f666ebb] depends on not successfully finished methods
at org.testng.internal.TestInvoker.invokeTestMethods(TestInvoker.java:102)
at org.testng.internal.TestMethodWorker.invokeTestMethods(TestMethodWorker.java:146)
at org.testng.internal.TestMethodWorker.run(TestMethodWorker.java:128)
at java.base/java.util.ArrayList.forEach(ArrayList.java:1540)
at org.testng.TestRunner.privateRun(TestRunner.java:794)
at org.testng.TestRunner.run(TestRunner.java:596)
at org.testng.SuiteRunner.runTest(SuiteRunner.java:377)
at org.testng.SuiteRunner.runSequentially(SuiteRunner.java:371)
at org.testng.SuiteRunner.privateRun(SuiteRunner.java:332)
at org.testng.SuiteRunner.run(SuiteRunner.java:276)
at org.testng.SuiteRunnerWorker.runSuite(SuiteRunnerWorker.java:53)
at org.testng.SuiteRunnerWorker.run(SuiteRunnerWorker.java:96)
at org.testng.TestNG.runSuitesSequentially(TestNG.java:1212)
at org.testng.TestNG.runSuitesLocally(TestNG.java:1134)
at org.testng.TestNG.runSuites(TestNG.java:1063)
at org.testng.TestNG.run(TestNG.java:1031)
at org.testng.remote.AbstractRemoteTestNG.run(AbstractRemoteTestNG.java:115)
at org.testng.remote.RemoteTestNG.initAndRun(RemoteTestNG.java:251)
at org.testng.remote.RemoteTestNG.main(RemoteTestNG.java:77)
]]>
            </full-stacktrace>
          </exception> <!-- java.lang.Throwable -->
          <reporter-output>
          </reporter-output>
        </test-method> <!-- Verify_WAN_Settings_UI_Page -->
        <test-method is-config="true" signature="afterTest()[pri:0, instance:com.cs.arris.Tests.TC03_Complex_Test@2f666ebb]" started-at="2022-01-17T08:13:33 IST" name="afterTest" finished-at="1970-01-01T05:30:00 IST" duration-ms="-1642387413196" status="SKIP">
          <reporter-output>
          </reporter-output>
        </test-method> <!-- afterTest -->
        <test-method is-config="true" signature="afterSuite()[pri:0, instance:com.cs.arris.Tests.TC03_Complex_Test@2f666ebb]" started-at="2022-01-17T08:13:38 IST" name="afterSuite" finished-at="1970-01-01T05:30:00 IST" duration-ms="-1642387418334" status="SKIP">
          <reporter-output>
          </reporter-output>
        </test-method> <!-- afterSuite -->
      </class> <!-- com.cs.arris.Tests.TC03_Complex_Test -->
    </test> <!-- Default test -->
  </suite> <!-- Default suite -->
</testng-results>
