[logs/iOS_a2a6f180af7e6b36828ed95b3fc1de2c10e11e44/2022-01-18 INFO ] 2022-01-19 00:00:01.684 SystemFirmwareUpdatePage:44 - System Firmware Update Page - Clicked on Next Button
[logs/iOS_a2a6f180af7e6b36828ed95b3fc1de2c10e11e44/2022-01-18 INFO ] 2022-01-19 00:00:33.948 SystemFirmwareUpdatePage:51 - Warranty and Support Page - Clicked on Continue Button
[logs/iOS_a2a6f180af7e6b36828ed95b3fc1de2c10e11e44/2022-01-18 INFO ] 2022-01-19 00:00:39.169 NameYourNetwokSSIDPage:53 - Name Your Network Page - Entered SSID Name
[logs/iOS_a2a6f180af7e6b36828ed95b3fc1de2c10e11e44/2022-01-18 INFO ] 2022-01-19 00:00:42.871 NameYourNetwokSSIDPage:59 - Name Your Network Page - Entered SSID Password
[logs/iOS_a2a6f180af7e6b36828ed95b3fc1de2c10e11e44/2022-01-18 INFO ] 2022-01-19 00:01:15.441 ParentClass:448 - video path: videos/iOS_a2a6f180af7e6b36828ed95b3fc1de2c10e11e44/2022-01-18-23-55-59/TC002_Test_Signin_And_Onboard/Verify_Signin_And_Onboard.mp4
[logs/iOS_a2a6f180af7e6b36828ed95b3fc1de2c10e11e44/2022-01-18 INFO ] 2022-01-19 00:01:15.927 TC002_Test_Signin_And_Onboard:67 - 

****** starting test : Verify_Signin_And_Onboard ******

[logs/iOS_a2a6f180af7e6b36828ed95b3fc1de2c10e11e44/2022-01-18 ERROR] 2022-01-19 00:01:21.881 TestListener:38 - org.openqa.selenium.NoSuchElementException: Can't locate an element by this strategy: By.chained({By.xpath: //XCUIElementTypeStaticText[@name="Lets_Get_Started_Screen_TitleLabel_GetStarted"]})
	at io.appium.java_client.pagefactory.AppiumElementLocator.findElement(AppiumElementLocator.java:126)
	at io.appium.java_client.pagefactory.interceptors.InterceptorOfASingleElement.intercept(InterceptorOfASingleElement.java:59)
	at io.appium.java_client.ios.IOSElement$$EnhancerByCGLIB$$d311658.isDisplayed(<generated>)
	at com.cs.arris.Pages.GetStartedPage.getGetStartedTitle(GetStartedPage.java:62)
	at com.cs.arris.Pages.GetStartedPage.clickGetStartedButton(GetStartedPage.java:40)
	at com.cs.arris.Tests.TC002_Test_Signin_And_Onboard.lambda$Verify_Signin_And_Onboard$0(TC002_Test_Signin_And_Onboard.java:74)
	at com.cs.arris.Workflows.TC51_Signin_And_Onboard_Workflow.getStartedPage(TC51_Signin_And_Onboard_Workflow.java:55)
	at com.cs.arris.Tests.TC002_Test_Signin_And_Onboard.Verify_Signin_And_Onboard(TC002_Test_Signin_And_Onboard.java:73)
	at java.base/jdk.internal.reflect.NativeMethodAccessorImpl.invoke0(Native Method)
	at java.base/jdk.internal.reflect.NativeMethodAccessorImpl.invoke(NativeMethodAccessorImpl.java:62)
	at java.base/jdk.internal.reflect.DelegatingMethodAccessorImpl.invoke(DelegatingMethodAccessorImpl.java:43)
	at java.base/java.lang.reflect.Method.invoke(Method.java:566)
	at org.testng.internal.MethodInvocationHelper.invokeMethod(MethodInvocationHelper.java:133)
	at org.testng.internal.TestInvoker.invokeMethod(TestInvoker.java:598)
	at org.testng.internal.TestInvoker.retryFailed(TestInvoker.java:213)
	at org.testng.internal.MethodRunner.runInSequence(MethodRunner.java:58)
	at org.testng.internal.TestInvoker$MethodInvocationAgent.invoke(TestInvoker.java:824)
	at org.testng.internal.TestInvoker.invokeTestMethods(TestInvoker.java:146)
	at org.testng.internal.TestMethodWorker.invokeTestMethods(TestMethodWorker.java:146)
	at org.testng.internal.TestMethodWorker.run(TestMethodWorker.java:128)
	at java.base/java.util.ArrayList.forEach(ArrayList.java:1540)
	at org.testng.TestRunner.privateRun(TestRunner.java:794)
	at org.testng.TestRunner.run(TestRunner.java:596)
	at org.testng.SuiteRunner.runTest(SuiteRunner.java:377)
	at org.testng.SuiteRunner.runSequentially(SuiteRunner.java:371)
	at org.testng.SuiteRunner.privateRun(SuiteRunner.java:332)
	at org.testng.SuiteRunner.run(SuiteRunner.java:276)
	at org.testng.SuiteRunnerWorker.runSuite(SuiteRunnerWorker.java:53)
	at org.testng.SuiteRunnerWorker.run(SuiteRunnerWorker.java:96)
	at org.testng.TestNG.runSuitesSequentially(TestNG.java:1212)
	at org.testng.TestNG.runSuitesLocally(TestNG.java:1134)
	at org.testng.TestNG.runSuites(TestNG.java:1063)
	at org.testng.TestNG.run(TestNG.java:1031)
	at org.apache.maven.surefire.testng.TestNGExecutor.run(TestNGExecutor.java:283)
	at org.apache.maven.surefire.testng.TestNGXmlTestSuite.execute(TestNGXmlTestSuite.java:75)
	at org.apache.maven.surefire.testng.TestNGProvider.invoke(TestNGProvider.java:120)
	at org.apache.maven.surefire.booter.ForkedBooter.invokeProviderInSameClassLoader(ForkedBooter.java:384)
	at org.apache.maven.surefire.booter.ForkedBooter.runSuitesInProcess(ForkedBooter.java:345)
	at org.apache.maven.surefire.booter.ForkedBooter.execute(ForkedBooter.java:126)
	at org.apache.maven.surefire.booter.ForkedBooter.main(ForkedBooter.java:418)
Caused by: org.openqa.selenium.TimeoutException: Expected condition failed: waiting for io.appium.java_client.pagefactory.AppiumElementLocator$WaitingFunction@bb25753 (tried for 1 second(s) with 500 milliseconds interval)
	at org.openqa.selenium.support.ui.FluentWait.timeoutException(FluentWait.java:304)
	at org.openqa.selenium.support.ui.FluentWait.until(FluentWait.java:272)
	at io.appium.java_client.pagefactory.AppiumElementLocator.waitFor(AppiumElementLocator.java:99)
	at io.appium.java_client.pagefactory.AppiumElementLocator.findElement(AppiumElementLocator.java:119)
	... 39 more
Caused by: org.openqa.selenium.NoSuchElementException: Cannot locate an element using By.chained({By.xpath: //XCUIElementTypeStaticText[@name="Lets_Get_Started_Screen_TitleLabel_GetStarted"]})
For documentation on this error, please visit: https://www.seleniumhq.org/exceptions/no_such_element.html
Build info: version: '3.141.59', revision: 'e82be7d358', time: '2018-11-14T08:17:03'
System info: host: 'techleads-Mac-mini.local', ip: '192.168.0.131', os.name: 'Mac OS X', os.arch: 'x86_64', os.version: '10.16', java.version: '11.0.2'
Driver info: driver.version: IOSDriver
	at io.appium.java_client.pagefactory.bys.builder.ByChained.findElement(ByChained.java:74)
	at org.openqa.selenium.remote.RemoteWebDriver.findElement(RemoteWebDriver.java:315)
	at io.appium.java_client.DefaultGenericMobileDriver.findElement(DefaultGenericMobileDriver.java:57)
	at io.appium.java_client.AppiumDriver.findElement(AppiumDriver.java:1)
	at io.appium.java_client.ios.IOSDriver.findElement(IOSDriver.java:1)
	at io.appium.java_client.pagefactory.bys.ContentMappedBy.findElement(ContentMappedBy.java:50)
	at org.openqa.selenium.remote.RemoteWebDriver.findElement(RemoteWebDriver.java:315)
	at io.appium.java_client.DefaultGenericMobileDriver.findElement(DefaultGenericMobileDriver.java:57)
	at io.appium.java_client.AppiumDriver.findElement(AppiumDriver.java:1)
	at io.appium.java_client.ios.IOSDriver.findElement(IOSDriver.java:1)
	at io.appium.java_client.pagefactory.AppiumElementLocator.lambda$0(AppiumElementLocator.java:120)
	at io.appium.java_client.pagefactory.AppiumElementLocator$WaitingFunction.apply(AppiumElementLocator.java:172)
	at io.appium.java_client.pagefactory.AppiumElementLocator$WaitingFunction.apply(AppiumElementLocator.java:1)
	at org.openqa.selenium.support.ui.FluentWait.until(FluentWait.java:249)
	... 41 more

[logs/iOS_a2a6f180af7e6b36828ed95b3fc1de2c10e11e44/2022-01-18 INFO ] 2022-01-19 00:01:22.271 ParentClass:448 - video path: videos/iOS_a2a6f180af7e6b36828ed95b3fc1de2c10e11e44/2022-01-18-23-55-59/TC002_Test_Signin_And_Onboard/Verify_Signin_And_Onboard.mp4
[logs/iOS_a2a6f180af7e6b36828ed95b3fc1de2c10e11e44/2022-01-18 INFO ] 2022-01-19 00:01:31.081 TC01_Simple_Test:108 - Loading...Sign Up Test Data
[logs/iOS_a2a6f180af7e6b36828ed95b3fc1de2c10e11e44/2022-01-18 INFO ] 2022-01-19 00:01:31.087 ParentClass:345 - loading...testdata/signup
[logs/iOS_a2a6f180af7e6b36828ed95b3fc1de2c10e11e44/2022-01-18 INFO ] 2022-01-19 00:01:31.093 TC01_Simple_Test:112 - First Name : demouser
[logs/iOS_a2a6f180af7e6b36828ed95b3fc1de2c10e11e44/2022-01-18 INFO ] 2022-01-19 00:01:31.098 TC01_Simple_Test:115 - Last Name : demouser
[logs/iOS_a2a6f180af7e6b36828ed95b3fc1de2c10e11e44/2022-01-18 INFO ] 2022-01-19 00:01:31.099 TC01_Simple_Test:118 - Email address : demouser2652@gmail.com
[logs/iOS_a2a6f180af7e6b36828ed95b3fc1de2c10e11e44/2022-01-18 INFO ] 2022-01-19 00:01:31.103 TC01_Simple_Test:121 - UDID : a2a6f180af7e6b36828ed95b3fc1de2c10e11e44
[logs/iOS_a2a6f180af7e6b36828ed95b3fc1de2c10e11e44/2022-01-18 INFO ] 2022-01-19 00:01:31.107 TC01_Simple_Test:123 - Retrieved...Sign Up Test Data
[logs/iOS_a2a6f180af7e6b36828ed95b3fc1de2c10e11e44/2022-01-18 INFO ] 2022-01-19 00:01:31.850 TC01_Simple_Test:132 - 

****** starting test : Login_And_Onboard ******

[logs/iOS_a2a6f180af7e6b36828ed95b3fc1de2c10e11e44/2022-01-18 INFO ] 2022-01-19 00:01:31.979 ParentClass:448 - video path: videos/iOS_a2a6f180af7e6b36828ed95b3fc1de2c10e11e44/2022-01-18-23-55-59/TC01_Simple_Test/Login_And_Onboard.mp4
[logs/iOS_a2a6f180af7e6b36828ed95b3fc1de2c10e11e44/2022-01-18 INFO ] 2022-01-19 00:01:32.359 TC01_Simple_Test:132 - 

****** starting test : Verify_Home_UI_Page ******

[logs/iOS_a2a6f180af7e6b36828ed95b3fc1de2c10e11e44/2022-01-18 INFO ] 2022-01-19 00:01:32.359 TC01_Simple_Test:189 -                                             
[logs/iOS_a2a6f180af7e6b36828ed95b3fc1de2c10e11e44/2022-01-18 INFO ] 2022-01-19 00:01:32.360 TC01_Simple_Test:190 - ********************************************
[logs/iOS_a2a6f180af7e6b36828ed95b3fc1de2c10e11e44/2022-01-18 INFO ] 2022-01-19 00:01:32.360 TC01_Simple_Test:191 - Test: Home Page and Home Page Navigations   
[logs/iOS_a2a6f180af7e6b36828ed95b3fc1de2c10e11e44/2022-01-18 INFO ] 2022-01-19 00:01:32.360 TC01_Simple_Test:192 - ********************************************
[logs/iOS_a2a6f180af7e6b36828ed95b3fc1de2c10e11e44/2022-01-18 INFO ] 2022-01-19 00:01:32.372 HomePage:350 -                                          
[logs/iOS_a2a6f180af7e6b36828ed95b3fc1de2c10e11e44/2022-01-18 INFO ] 2022-01-19 00:01:32.373 HomePage:351 - *****************************************
[logs/iOS_a2a6f180af7e6b36828ed95b3fc1de2c10e11e44/2022-01-18 INFO ] 2022-01-19 00:01:32.373 HomePage:352 - Details of UI Elements on the Home Page  
[logs/iOS_a2a6f180af7e6b36828ed95b3fc1de2c10e11e44/2022-01-18 INFO ] 2022-01-19 00:01:32.374 HomePage:353 - *****************************************
